07/18/23 18:09:47: Running xcd server. This server was built by gradle.
07/18/23 18:09:47: Server was asked to start on port: '57087'
07/18/23 18:09:47: Server is using token UUID: '7ab0c7f3-8da2-4dea-a31a-2ddfdd238039'
07/18/23 18:09:47: SESSION_MGR: creating session with session uuid: '6d04a3e9-ade5-4ab9-8d63-1f78fcd2ec76' and name 'default'
07/18/23 18:09:47: Attempting to start server on port '57087'
07/18/23 18:09:47: Running Dispatch Server
07/18/23 18:09:47: Version 2.2.0
07/18/23 18:09:55: Dispatch Server: Accepted socket connection from client
07/18/23 18:09:55: Starting Socket connection
07/18/23 18:09:55: EXCHANGE_TOKEN received, server token: 7ab0c7f3-8da2-4dea-a31a-2ddfdd238039, passed token: 7ab0c7f3-8da2-4dea-a31a-2ddfdd238039
07/18/23 18:09:55: SESSION_MGR: creating session with session uuid: '0c685879-fb94-4d3b-883c-8bd944a2e024' and name 'vitis_hls'
07/18/23 18:09:55: KERNEL_SVC: creating session with uuid: '0c685879-fb94-4d3b-883c-8bd944a2e024' and name 'vitis_hls'
07/18/23 18:09:55: GUIDANCE_SMGR: creating guidance session with uuid: '0c685879-fb94-4d3b-883c-8bd944a2e024' and name 'vitis_hls'
07/18/23 18:12:33: STOP_SERVER received, server token: 7ab0c7f3-8da2-4dea-a31a-2ddfdd238039, passed token: 7ab0c7f3-8da2-4dea-a31a-2ddfdd238039
07/18/23 18:12:33: Socket received request to stop server.
07/18/23 18:12:33: Dispatch Server: do_await_stop
07/18/23 18:12:33: SERVER: destructor for server bound to port 57087
07/18/23 18:12:33: Server exiting with status 0.
07/18/23 18:12:33: Closing log file.
07/18/23 18:13:08: Running xcd server. This server was built by gradle.
07/18/23 18:13:08: Server was asked to start on port: '57222'
07/18/23 18:13:08: Server is using token UUID: 'a337b490-e91d-4aba-a523-0a6fc99dab26'
07/18/23 18:13:08: SESSION_MGR: creating session with session uuid: '6d04a3e9-ade5-4ab9-8d63-1f78fcd2ec76' and name 'default'
07/18/23 18:13:08: Attempting to start server on port '57222'
07/18/23 18:13:08: Running Dispatch Server
07/18/23 18:13:08: Version 2.2.0
07/18/23 18:13:16: Dispatch Server: Accepted socket connection from client
07/18/23 18:13:16: Starting Socket connection
07/18/23 18:13:16: EXCHANGE_TOKEN received, server token: a337b490-e91d-4aba-a523-0a6fc99dab26, passed token: a337b490-e91d-4aba-a523-0a6fc99dab26
07/18/23 18:13:16: SESSION_MGR: creating session with session uuid: '24821e60-7bbc-4913-9dc6-c8633790fa8f' and name 'vitis_hls'
07/18/23 18:13:16: KERNEL_SVC: creating session with uuid: '24821e60-7bbc-4913-9dc6-c8633790fa8f' and name 'vitis_hls'
07/18/23 18:13:16: GUIDANCE_SMGR: creating guidance session with uuid: '24821e60-7bbc-4913-9dc6-c8633790fa8f' and name 'vitis_hls'
07/18/23 19:05:55: STOP_SERVER received, server token: a337b490-e91d-4aba-a523-0a6fc99dab26, passed token: a337b490-e91d-4aba-a523-0a6fc99dab26
07/18/23 19:05:55: Socket received request to stop server.
07/18/23 19:05:55: Dispatch Server: do_await_stop
07/18/23 19:05:55: SERVER: destructor for server bound to port 57222
07/18/23 19:05:55: Server exiting with status 0.
07/18/23 19:05:55: Closing log file.
07/18/23 19:07:24: Running xcd server. This server was built by gradle.
07/18/23 19:07:24: Server was asked to start on port: '58657'
07/18/23 19:07:24: Server is using token UUID: 'fe305b95-591a-4f75-8df6-455ef2f68420'
07/18/23 19:07:24: SESSION_MGR: creating session with session uuid: '6d04a3e9-ade5-4ab9-8d63-1f78fcd2ec76' and name 'default'
07/18/23 19:07:24: Attempting to start server on port '58657'
07/18/23 19:07:24: Running Dispatch Server
07/18/23 19:07:24: Version 2.2.0
07/18/23 19:07:32: Dispatch Server: Accepted socket connection from client
07/18/23 19:07:32: Starting Socket connection
07/18/23 19:07:32: EXCHANGE_TOKEN received, server token: fe305b95-591a-4f75-8df6-455ef2f68420, passed token: fe305b95-591a-4f75-8df6-455ef2f68420
07/18/23 19:07:32: SESSION_MGR: creating session with session uuid: '0b65e70d-6eea-4ccb-9418-c60b6d44ee1d' and name 'vitis_hls'
07/18/23 19:07:32: KERNEL_SVC: creating session with uuid: '0b65e70d-6eea-4ccb-9418-c60b6d44ee1d' and name 'vitis_hls'
07/18/23 19:07:32: GUIDANCE_SMGR: creating guidance session with uuid: '0b65e70d-6eea-4ccb-9418-c60b6d44ee1d' and name 'vitis_hls'
07/18/23 19:08:22: STOP_SERVER received, server token: fe305b95-591a-4f75-8df6-455ef2f68420, passed token: fe305b95-591a-4f75-8df6-455ef2f68420
07/18/23 19:08:22: Socket received request to stop server.
07/18/23 19:08:22: Dispatch Server: do_await_stop
07/18/23 19:08:22: SERVER: destructor for server bound to port 58657
07/18/23 19:08:22: Server exiting with status 0.
07/18/23 19:08:22: Closing log file.
