

================================================================
== Vitis HLS Report for 'matrix_mutiply'
================================================================
* Date:           Tue Jul 18 18:12:14 2023

* Version:        2022.2.2 (Build 3779808 on Feb 17 2023)
* Project:        threed_render_hls
* Solution:       solution1 (Vivado IP Flow Target)
* Product family: zynq
* Target device:  xc7z020-clg400-1


================================================================
== Performance Estimates
================================================================
+ Timing: 
    * Summary: 
    +--------+----------+----------+------------+
    |  Clock |  Target  | Estimated| Uncertainty|
    +--------+----------+----------+------------+
    |ap_clk  |  10.00 ns|  6.912 ns|     2.70 ns|
    +--------+----------+----------+------------+

+ Latency: 
    * Summary: 
    +---------+---------+-----------+-----------+-----+-----+---------+
    |  Latency (cycles) |   Latency (absolute)  |  Interval | Pipeline|
    |   min   |   max   |    min    |    max    | min | max |   Type  |
    +---------+---------+-----------+-----------+-----+-----+---------+
    |        5|        5|  50.000 ns|  50.000 ns|    5|    5|       no|
    +---------+---------+-----------+-----------+-----+-----+---------+

    + Detail: 
        * Instance: 
        N/A

        * Loop: 
        N/A



================================================================
== Utilization Estimates
================================================================
* Summary: 
+-----------------+---------+-----+--------+-------+-----+
|       Name      | BRAM_18K| DSP |   FF   |  LUT  | URAM|
+-----------------+---------+-----+--------+-------+-----+
|DSP              |        -|    -|       -|      -|    -|
|Expression       |        -|    -|       0|    464|    -|
|FIFO             |        -|    -|       -|      -|    -|
|Instance         |        -|   16|     788|    324|    -|
|Memory           |        -|    -|       -|      -|    -|
|Multiplexer      |        -|    -|       -|    258|    -|
|Register         |        -|    -|     748|      -|    -|
+-----------------+---------+-----+--------+-------+-----+
|Total            |        0|   16|    1536|   1046|    0|
+-----------------+---------+-----+--------+-------+-----+
|Available        |      280|  220|  106400|  53200|    0|
+-----------------+---------+-----+--------+-------+-----+
|Utilization (%)  |        0|    7|       1|      1|    0|
+-----------------+---------+-----+--------+-------+-----+

+ Detail: 
    * Instance: 
    +------------------------+--------------------+---------+----+-----+----+-----+
    |        Instance        |       Module       | BRAM_18K| DSP|  FF | LUT| URAM|
    +------------------------+--------------------+---------+----+-----+----+-----+
    |mul_40s_40s_73_2_1_U41  |mul_40s_40s_73_2_1  |        0|   4|  197|  81|    0|
    |mul_40s_40s_73_2_1_U42  |mul_40s_40s_73_2_1  |        0|   4|  197|  81|    0|
    |mul_40s_40s_73_2_1_U43  |mul_40s_40s_73_2_1  |        0|   4|  197|  81|    0|
    |mul_40s_40s_73_2_1_U44  |mul_40s_40s_73_2_1  |        0|   4|  197|  81|    0|
    +------------------------+--------------------+---------+----+-----+----+-----+
    |Total                   |                    |        0|  16|  788| 324|    0|
    +------------------------+--------------------+---------+----+-----+----+-----+

    * DSP: 
    N/A

    * Memory: 
    N/A

    * FIFO: 
    N/A

    * Expression: 
    +--------------------------+----------+----+---+----+------------+------------+
    |       Variable Name      | Operation| DSP| FF| LUT| Bitwidth P0| Bitwidth P1|
    +--------------------------+----------+----+---+----+------------+------------+
    |add_ln1271_1_fu_376_p2    |         +|   0|  0|  13|          10|           1|
    |add_ln1271_2_fu_386_p2    |         +|   0|  0|  13|          10|           2|
    |add_ln1271_fu_348_p2      |         +|   0|  0|  12|          11|          11|
    |ret_V_38_fu_460_p2        |         +|   0|  0|  80|          73|          73|
    |ret_V_fu_446_p2           |         +|   0|  0|  80|          73|          73|
    |sub_ln1271_1_fu_370_p2    |         -|   0|  0|  13|          10|          10|
    |sub_ln1271_fu_338_p2      |         -|   0|  0|  13|          10|          10|
    |select_ln19_10_fu_517_p3  |    select|   0|  0|  40|           1|          40|
    |select_ln19_6_fu_485_p3   |    select|   0|  0|  40|           1|          40|
    |select_ln19_7_fu_493_p3   |    select|   0|  0|  40|           1|          40|
    |select_ln19_8_fu_501_p3   |    select|   0|  0|  40|           1|          40|
    |select_ln19_9_fu_509_p3   |    select|   0|  0|  40|           1|          40|
    |select_ln19_fu_477_p3     |    select|   0|  0|  40|           1|          40|
    +--------------------------+----------+----+---+----+------------+------------+
    |Total                     |          |   0|  0| 464|         203|         420|
    +--------------------------+----------+----+---+----+------------+------------+

    * Multiplexer: 
    +-----------------------------------------+----+-----------+-----+-----------+
    |                   Name                  | LUT| Input Size| Bits| Total Bits|
    +-----------------------------------------+----+-----------+-----+-----------+
    |ap_NS_fsm                                |  37|          7|    1|          7|
    |ap_phi_mux_phi_ln19_3_phi_fu_295_p6      |  14|          3|   40|        120|
    |ap_phi_mux_phi_ln19_4_phi_fu_308_p6      |  14|          3|   40|        120|
    |ap_phi_mux_phi_ln19_phi_fu_282_p6        |  14|          3|   40|        120|
    |ap_phi_mux_write_flag11_0_phi_fu_240_p6  |  14|          3|    1|          3|
    |ap_phi_mux_write_flag14_0_phi_fu_254_p6  |  14|          3|    1|          3|
    |ap_phi_mux_write_flag17_0_phi_fu_268_p6  |  14|          3|    1|          3|
    |ap_phi_mux_write_flag4_0_phi_fu_212_p6   |  14|          3|    1|          3|
    |ap_phi_mux_write_flag8_0_phi_fu_198_p6   |  14|          3|    1|          3|
    |ap_phi_mux_write_flag_0_phi_fu_226_p6    |  14|          3|    1|          3|
    |ap_return_0                              |   9|          2|   40|         80|
    |ap_return_1                              |   9|          2|   40|         80|
    |ap_return_2                              |   9|          2|   40|         80|
    |ap_return_3                              |   9|          2|   40|         80|
    |ap_return_4                              |   9|          2|   40|         80|
    |ap_return_5                              |   9|          2|   40|         80|
    |ap_return_6                              |   9|          2|   40|         80|
    |ap_return_7                              |   9|          2|   40|         80|
    |ap_return_8                              |   9|          2|   40|         80|
    |input_vector_address0                    |  14|          3|   10|         30|
    +-----------------------------------------+----+-----------+-----+-----------+
    |Total                                    | 258|         55|  497|       1135|
    +-----------------------------------------+----+-----------+-----+-----------+

    * Register: 
    +----------------------+----+----+-----+-----------+
    |         Name         | FF | LUT| Bits| Const Bits|
    +----------------------+----+----+-----+-----------+
    |ap_CS_fsm             |   6|   0|    6|          0|
    |ap_return_0_preg      |  40|   0|   40|          0|
    |ap_return_1_preg      |  40|   0|   40|          0|
    |ap_return_2_preg      |  40|   0|   40|          0|
    |ap_return_3_preg      |  40|   0|   40|          0|
    |ap_return_4_preg      |  40|   0|   40|          0|
    |ap_return_5_preg      |  40|   0|   40|          0|
    |ap_return_6_preg      |  40|   0|   40|          0|
    |ap_return_7_preg      |  40|   0|   40|          0|
    |ap_return_8_preg      |  40|   0|   40|          0|
    |r_V_54_reg_601        |  40|   0|   40|          0|
    |r_V_55_reg_643        |  73|   0|   73|          0|
    |r_V_56_reg_648        |  73|   0|   73|          0|
    |r_V_57_reg_653        |  73|   0|   73|          0|
    |r_V_58_reg_658        |  73|   0|   73|          0|
    |r_V_reg_596           |  40|   0|   40|          0|
    |sub_ln1271_1_reg_579  |  10|   0|   10|          0|
    +----------------------+----+----+-----+-----------+
    |Total                 | 748|   0|  748|          0|
    +----------------------+----+----+-----+-----------+



================================================================
== Interface
================================================================
* Summary: 
+-----------------------+-----+-----+------------+----------------------+--------------+
|       RTL Ports       | Dir | Bits|  Protocol  |     Source Object    |    C Type    |
+-----------------------+-----+-----+------------+----------------------+--------------+
|ap_clk                 |   in|    1|  ap_ctrl_hs|        matrix_mutiply|  return value|
|ap_rst                 |   in|    1|  ap_ctrl_hs|        matrix_mutiply|  return value|
|ap_start               |   in|    1|  ap_ctrl_hs|        matrix_mutiply|  return value|
|ap_done                |  out|    1|  ap_ctrl_hs|        matrix_mutiply|  return value|
|ap_idle                |  out|    1|  ap_ctrl_hs|        matrix_mutiply|  return value|
|ap_ready               |  out|    1|  ap_ctrl_hs|        matrix_mutiply|  return value|
|ap_return_0            |  out|   40|  ap_ctrl_hs|        matrix_mutiply|  return value|
|ap_return_1            |  out|   40|  ap_ctrl_hs|        matrix_mutiply|  return value|
|ap_return_2            |  out|   40|  ap_ctrl_hs|        matrix_mutiply|  return value|
|ap_return_3            |  out|   40|  ap_ctrl_hs|        matrix_mutiply|  return value|
|ap_return_4            |  out|   40|  ap_ctrl_hs|        matrix_mutiply|  return value|
|ap_return_5            |  out|   40|  ap_ctrl_hs|        matrix_mutiply|  return value|
|ap_return_6            |  out|   40|  ap_ctrl_hs|        matrix_mutiply|  return value|
|ap_return_7            |  out|   40|  ap_ctrl_hs|        matrix_mutiply|  return value|
|ap_return_8            |  out|   40|  ap_ctrl_hs|        matrix_mutiply|  return value|
|input_vector_address0  |  out|   10|   ap_memory|          input_vector|         array|
|input_vector_ce0       |  out|    1|   ap_memory|          input_vector|         array|
|input_vector_q0        |   in|   40|   ap_memory|          input_vector|         array|
|input_vector_address1  |  out|   10|   ap_memory|          input_vector|         array|
|input_vector_ce1       |  out|    1|   ap_memory|          input_vector|         array|
|input_vector_q1        |   in|   40|   ap_memory|          input_vector|         array|
|input_vector_offset    |   in|    7|     ap_none|   input_vector_offset|        scalar|
|input_vector_offset1   |   in|    2|     ap_none|  input_vector_offset1|        scalar|
|p_read5                |   in|   40|     ap_none|               p_read5|        scalar|
|p_read6                |   in|   40|     ap_none|               p_read6|        scalar|
|p_read9                |   in|   40|     ap_none|               p_read9|        scalar|
|p_read10               |   in|   40|     ap_none|              p_read10|        scalar|
|p_read                 |   in|   40|     ap_none|                p_read|        scalar|
|p_read1                |   in|   40|     ap_none|               p_read1|        scalar|
|p_read2                |   in|   40|     ap_none|               p_read2|        scalar|
|p_read3                |   in|   40|     ap_none|               p_read3|        scalar|
|p_read4                |   in|   40|     ap_none|               p_read4|        scalar|
|p_read7                |   in|   40|     ap_none|               p_read7|        scalar|
|p_read8                |   in|   40|     ap_none|               p_read8|        scalar|
|p_read11               |   in|   40|     ap_none|              p_read11|        scalar|
|p_read12               |   in|   40|     ap_none|              p_read12|        scalar|
|output_vector_offset   |   in|    2|     ap_none|  output_vector_offset|        scalar|
+-----------------------+-----+-----+------------+----------------------+--------------+

