

================================================================
== Vitis HLS Report for 'matrix_mutiply_1'
================================================================
* Date:           Tue Jul 18 18:12:15 2023

* Version:        2022.2.2 (Build 3779808 on Feb 17 2023)
* Project:        threed_render_hls
* Solution:       solution1 (Vivado IP Flow Target)
* Product family: zynq
* Target device:  xc7z020-clg400-1


================================================================
== Performance Estimates
================================================================
+ Timing: 
    * Summary: 
    +--------+----------+----------+------------+
    |  Clock |  Target  | Estimated| Uncertainty|
    +--------+----------+----------+------------+
    |ap_clk  |  10.00 ns|  7.131 ns|     2.70 ns|
    +--------+----------+----------+------------+

+ Latency: 
    * Summary: 
    +---------+---------+-----------+-----------+-----+-----+---------+
    |  Latency (cycles) |   Latency (absolute)  |  Interval | Pipeline|
    |   min   |   max   |    min    |    max    | min | max |   Type  |
    +---------+---------+-----------+-----------+-----+-----+---------+
    |        3|        3|  30.000 ns|  30.000 ns|    3|    3|       no|
    +---------+---------+-----------+-----------+-----+-----+---------+

    + Detail: 
        * Instance: 
        N/A

        * Loop: 
        N/A



================================================================
== Utilization Estimates
================================================================
* Summary: 
+-----------------+---------+-----+--------+-------+-----+
|       Name      | BRAM_18K| DSP |   FF   |  LUT  | URAM|
+-----------------+---------+-----+--------+-------+-----+
|DSP              |        -|    -|       -|      -|    -|
|Expression       |        -|    -|       0|    546|    -|
|FIFO             |        -|    -|       -|      -|    -|
|Instance         |        -|   28|    1379|    609|    -|
|Memory           |        -|    -|       -|      -|    -|
|Multiplexer      |        -|    -|       -|    232|    -|
|Register         |        -|    -|     995|      -|    -|
+-----------------+---------+-----+--------+-------+-----+
|Total            |        0|   28|    2374|   1387|    0|
+-----------------+---------+-----+--------+-------+-----+
|Available        |      280|  220|  106400|  53200|    0|
+-----------------+---------+-----+--------+-------+-----+
|Utilization (%)  |        0|   12|       2|      2|    0|
+-----------------+---------+-----+--------+-------+-----+

+ Detail: 
    * Instance: 
    +------------------------+--------------------+---------+----+-----+----+-----+
    |        Instance        |       Module       | BRAM_18K| DSP|  FF | LUT| URAM|
    +------------------------+--------------------+---------+----+-----+----+-----+
    |mul_40s_40s_73_2_1_U66  |mul_40s_40s_73_2_1  |        0|   4|  197|  81|    0|
    |mul_40s_40s_73_2_1_U67  |mul_40s_40s_73_2_1  |        0|   4|  197|  81|    0|
    |mul_40s_40s_73_2_1_U68  |mul_40s_40s_73_2_1  |        0|   4|  197|  81|    0|
    |mul_40s_40s_73_2_1_U69  |mul_40s_40s_73_2_1  |        0|   4|  197|  81|    0|
    |mul_40s_40s_73_2_1_U70  |mul_40s_40s_73_2_1  |        0|   4|  197|  81|    0|
    |mul_40s_40s_73_2_1_U71  |mul_40s_40s_73_2_1  |        0|   4|  197|  81|    0|
    |mul_40s_40s_73_2_1_U72  |mul_40s_40s_73_2_1  |        0|   4|  197|  81|    0|
    |mux_32_40_1_1_U63       |mux_32_40_1_1       |        0|   0|    0|  14|    0|
    |mux_32_40_1_1_U64       |mux_32_40_1_1       |        0|   0|    0|  14|    0|
    |mux_32_40_1_1_U65       |mux_32_40_1_1       |        0|   0|    0|  14|    0|
    +------------------------+--------------------+---------+----+-----+----+-----+
    |Total                   |                    |        0|  28| 1379| 609|    0|
    +------------------------+--------------------+---------+----+-----+----+-----+

    * DSP: 
    N/A

    * Memory: 
    N/A

    * FIFO: 
    N/A

    * Expression: 
    +-------------------------+----------+----+---+----+------------+------------+
    |      Variable Name      | Operation| DSP| FF| LUT| Bitwidth P0| Bitwidth P1|
    +-------------------------+----------+----+---+----+------------+------------+
    |ret_V_35_fu_480_p2       |         +|   0|  0|  73|          73|          73|
    |ret_V_36_fu_495_p2       |         +|   0|  0|  80|          73|          73|
    |ret_V_37_fu_509_p2       |         +|   0|  0|  80|          73|          73|
    |ret_V_fu_476_p2          |         +|   0|  0|  73|          73|          73|
    |select_ln19_1_fu_534_p3  |    select|   0|  0|  40|           1|          40|
    |select_ln19_2_fu_542_p3  |    select|   0|  0|  40|           1|          40|
    |select_ln19_3_fu_550_p3  |    select|   0|  0|  40|           1|          40|
    |select_ln19_4_fu_558_p3  |    select|   0|  0|  40|           1|          40|
    |select_ln19_5_fu_566_p3  |    select|   0|  0|  40|           1|          40|
    |select_ln19_fu_526_p3    |    select|   0|  0|  40|           1|          40|
    +-------------------------+----------+----+---+----+------------+------------+
    |Total                    |          |   0|  0| 546|         298|         532|
    +-------------------------+----------+----+---+----+------------+------------+

    * Multiplexer: 
    +-----------------------------------------+----+-----------+-----+-----------+
    |                   Name                  | LUT| Input Size| Bits| Total Bits|
    +-----------------------------------------+----+-----------+-----+-----------+
    |ap_NS_fsm                                |  25|          5|    1|          5|
    |ap_phi_mux_phi_ln19_1_phi_fu_338_p6      |  14|          3|   40|        120|
    |ap_phi_mux_phi_ln19_2_phi_fu_351_p6      |  14|          3|   40|        120|
    |ap_phi_mux_phi_ln19_phi_fu_325_p6        |  14|          3|   40|        120|
    |ap_phi_mux_write_flag14_0_phi_fu_255_p6  |  14|          3|    1|          3|
    |ap_phi_mux_write_flag17_0_phi_fu_241_p6  |  14|          3|    1|          3|
    |ap_phi_mux_write_flag20_0_phi_fu_283_p6  |  14|          3|    1|          3|
    |ap_phi_mux_write_flag23_0_phi_fu_297_p6  |  14|          3|    1|          3|
    |ap_phi_mux_write_flag26_0_phi_fu_311_p6  |  14|          3|    1|          3|
    |ap_phi_mux_write_flag_0_phi_fu_269_p6    |  14|          3|    1|          3|
    |ap_return_0                              |   9|          2|   40|         80|
    |ap_return_1                              |   9|          2|   40|         80|
    |ap_return_2                              |   9|          2|   40|         80|
    |ap_return_3                              |   9|          2|   40|         80|
    |ap_return_4                              |   9|          2|   40|         80|
    |ap_return_5                              |   9|          2|   40|         80|
    |ap_return_6                              |   9|          2|   40|         80|
    |ap_return_7                              |   9|          2|   40|         80|
    |ap_return_8                              |   9|          2|   40|         80|
    +-----------------------------------------+----+-----------+-----+-----------+
    |Total                                    | 232|         50|  487|       1103|
    +-----------------------------------------+----+-----------+-----+-----------+

    * Register: 
    +------------------+----+----+-----+-----------+
    |       Name       | FF | LUT| Bits| Const Bits|
    +------------------+----+----+-----+-----------+
    |ap_CS_fsm         |   4|   0|    4|          0|
    |ap_return_0_preg  |  40|   0|   40|          0|
    |ap_return_1_preg  |  40|   0|   40|          0|
    |ap_return_2_preg  |  40|   0|   40|          0|
    |ap_return_3_preg  |  40|   0|   40|          0|
    |ap_return_4_preg  |  40|   0|   40|          0|
    |ap_return_5_preg  |  40|   0|   40|          0|
    |ap_return_6_preg  |  40|   0|   40|          0|
    |ap_return_7_preg  |  40|   0|   40|          0|
    |ap_return_8_preg  |  40|   0|   40|          0|
    |r_V_45_reg_697    |  73|   0|   73|          0|
    |r_V_46_reg_633    |  40|   0|   40|          0|
    |r_V_47_reg_702    |  73|   0|   73|          0|
    |r_V_48_reg_638    |  40|   0|   40|          0|
    |r_V_49_reg_707    |  73|   0|   73|          0|
    |r_V_50_reg_712    |  73|   0|   73|          0|
    |r_V_51_reg_717    |  73|   0|   73|          0|
    |r_V_52_reg_722    |  73|   0|   73|          0|
    |r_V_53_reg_727    |  73|   0|   73|          0|
    |r_V_reg_628       |  40|   0|   40|          0|
    +------------------+----+----+-----+-----------+
    |Total             | 995|   0|  995|          0|
    +------------------+----+----+-----+-----------+



================================================================
== Interface
================================================================
* Summary: 
+----------------------+-----+-----+------------+----------------------+--------------+
|       RTL Ports      | Dir | Bits|  Protocol  |     Source Object    |    C Type    |
+----------------------+-----+-----+------------+----------------------+--------------+
|ap_clk                |   in|    1|  ap_ctrl_hs|      matrix_mutiply.1|  return value|
|ap_rst                |   in|    1|  ap_ctrl_hs|      matrix_mutiply.1|  return value|
|ap_start              |   in|    1|  ap_ctrl_hs|      matrix_mutiply.1|  return value|
|ap_done               |  out|    1|  ap_ctrl_hs|      matrix_mutiply.1|  return value|
|ap_idle               |  out|    1|  ap_ctrl_hs|      matrix_mutiply.1|  return value|
|ap_ready              |  out|    1|  ap_ctrl_hs|      matrix_mutiply.1|  return value|
|ap_return_0           |  out|   40|  ap_ctrl_hs|      matrix_mutiply.1|  return value|
|ap_return_1           |  out|   40|  ap_ctrl_hs|      matrix_mutiply.1|  return value|
|ap_return_2           |  out|   40|  ap_ctrl_hs|      matrix_mutiply.1|  return value|
|ap_return_3           |  out|   40|  ap_ctrl_hs|      matrix_mutiply.1|  return value|
|ap_return_4           |  out|   40|  ap_ctrl_hs|      matrix_mutiply.1|  return value|
|ap_return_5           |  out|   40|  ap_ctrl_hs|      matrix_mutiply.1|  return value|
|ap_return_6           |  out|   40|  ap_ctrl_hs|      matrix_mutiply.1|  return value|
|ap_return_7           |  out|   40|  ap_ctrl_hs|      matrix_mutiply.1|  return value|
|ap_return_8           |  out|   40|  ap_ctrl_hs|      matrix_mutiply.1|  return value|
|p_read                |   in|   40|     ap_none|                p_read|        scalar|
|p_read1               |   in|   40|     ap_none|               p_read1|        scalar|
|p_read2               |   in|   40|     ap_none|               p_read2|        scalar|
|p_read3               |   in|   40|     ap_none|               p_read3|        scalar|
|p_read4               |   in|   40|     ap_none|               p_read4|        scalar|
|p_read5               |   in|   40|     ap_none|               p_read5|        scalar|
|p_read6               |   in|   40|     ap_none|               p_read6|        scalar|
|p_read7               |   in|   40|     ap_none|               p_read7|        scalar|
|p_read8               |   in|   40|     ap_none|               p_read8|        scalar|
|input_vector_offset   |   in|    2|     ap_none|   input_vector_offset|        scalar|
|p_read9               |   in|   40|     ap_none|               p_read9|        scalar|
|p_read1_offset        |   in|   40|     ap_none|        p_read1_offset|        scalar|
|p_read210             |   in|   40|     ap_none|             p_read210|        scalar|
|p_read4_offset        |   in|   40|     ap_none|        p_read4_offset|        scalar|
|p_read5_offset        |   in|   40|     ap_none|        p_read5_offset|        scalar|
|p_read811             |   in|   40|     ap_none|             p_read811|        scalar|
|p_read10              |   in|   40|     ap_none|              p_read10|        scalar|
|p_read11              |   in|   40|     ap_none|              p_read11|        scalar|
|p_read12              |   in|   40|     ap_none|              p_read12|        scalar|
|p_read13              |   in|   40|     ap_none|              p_read13|        scalar|
|p_read14              |   in|   40|     ap_none|              p_read14|        scalar|
|p_read15              |   in|   40|     ap_none|              p_read15|        scalar|
|p_read16              |   in|   40|     ap_none|              p_read16|        scalar|
|p_read17              |   in|   40|     ap_none|              p_read17|        scalar|
|p_read18              |   in|   40|     ap_none|              p_read18|        scalar|
|p_read19              |   in|   40|     ap_none|              p_read19|        scalar|
|output_vector_offset  |   in|    2|     ap_none|  output_vector_offset|        scalar|
+----------------------+-----+-----+------------+----------------------+--------------+

