

================================================================
== Vitis HLS Report for 'sin_or_cos_float_s'
================================================================
* Date:           Tue Jul 18 18:11:58 2023

* Version:        2022.2.2 (Build 3779808 on Feb 17 2023)
* Project:        threed_render_hls
* Solution:       solution1 (Vivado IP Flow Target)
* Product family: zynq
* Target device:  xc7z020-clg400-1


================================================================
== Performance Estimates
================================================================
+ Timing: 
    * Summary: 
    +--------+----------+----------+------------+
    |  Clock |  Target  | Estimated| Uncertainty|
    +--------+----------+----------+------------+
    |ap_clk  |  10.00 ns|  7.120 ns|     2.70 ns|
    +--------+----------+----------+------------+

+ Latency: 
    * Summary: 
    +---------+---------+----------+----------+-----+-----+---------+
    |  Latency (cycles) |  Latency (absolute) |  Interval | Pipeline|
    |   min   |   max   |    min   |    max   | min | max |   Type  |
    +---------+---------+----------+----------+-----+-----+---------+
    |       30|       31|  0.300 us|  0.310 us|   30|   31|       no|
    +---------+---------+----------+----------+-----+-----+---------+

    + Detail: 
        * Instance: 
        N/A

        * Loop: 
        N/A

============================================================
+ Verbose Summary: Synthesis Manager
============================================================
InlineROM: 1
ExposeGlobal: 0
============================================================
+ Verbose Summary: CDFG Model
============================================================
IsTopModel: 0
ResetActiveHigh: 1
IsCombinational: 0
IsDatapathOnly: 0
HasWiredReturn: 1
HasMFsm: 0
HasVarLatency: 1
IsPipeline: 0
IsRtlPipelined: 0
IsInstanceOverlapped: 0
IsDontTouch: 0
HasImplIP: 0
IsGatedGlobalClock: 0


============================================================
+ Verbose Summary: Schedule
============================================================
* Number of FSM states : 23
* Pipeline : 0
* Dataflow Pipeline: 0

* FSM state transitions: 
1 --> 2 
2 --> 3 
3 --> 4 
4 --> 5 
5 --> 6 
6 --> 7 
7 --> 8 
8 --> 9 
9 --> 10 
10 --> 11 
11 --> 12 
12 --> 13 
13 --> 14 
14 --> 15 
15 --> 16 
16 --> 17 
17 --> 18 
18 --> 19 
19 --> 20 
20 --> 21 
21 --> 22 
22 --> 23 
23 --> 

* FSM state operations: 

State 1 <SV = 0> <Delay = 5.46>
ST_1 : Operation 24 [1/1] (0.00ns)   --->   "%t_in_read = read i32 @_ssdm_op_Read.ap_auto.float, i32 %t_in"   --->   Operation 24 'read' 't_in_read' <Predicate = true> <Delay = 0.00>
ST_1 : Operation 25 [1/1] (0.00ns)   --->   "%trunc_ln10_loc = alloca i64 1"   --->   Operation 25 'alloca' 'trunc_ln10_loc' <Predicate = true> <Delay = 0.00>
ST_1 : Operation 26 [1/1] (0.00ns)   --->   "%shift_1_loc = alloca i64 1"   --->   Operation 26 'alloca' 'shift_1_loc' <Predicate = true> <Delay = 0.00>
ST_1 : Operation 27 [1/1] (0.00ns)   --->   "%in_shift_V_1_cast_loc = alloca i64 1"   --->   Operation 27 'alloca' 'in_shift_V_1_cast_loc' <Predicate = true> <Delay = 0.00>
ST_1 : Operation 28 [1/1] (0.00ns)   --->   "%shift_loc = alloca i64 1"   --->   Operation 28 'alloca' 'shift_loc' <Predicate = true> <Delay = 0.00>
ST_1 : Operation 29 [1/1] (0.00ns)   --->   "%c_1_022_loc = alloca i64 1"   --->   Operation 29 'alloca' 'c_1_022_loc' <Predicate = true> <Delay = 0.00>
ST_1 : Operation 30 [1/1] (0.00ns)   --->   "%c_0_023_loc = alloca i64 1"   --->   Operation 30 'alloca' 'c_0_023_loc' <Predicate = true> <Delay = 0.00>
ST_1 : Operation 31 [1/1] (0.00ns)   --->   "%data_V = bitcast i32 %t_in_read" [C:\scratch\2022.2.2\hls_product\139\2022.2.2\src\shared\hls\clib/src/hls\utils/x_hls_utils.h:317]   --->   Operation 31 'bitcast' 'data_V' <Predicate = true> <Delay = 0.00>
ST_1 : Operation 32 [1/1] (0.00ns)   --->   "%p_Result_58 = bitselect i1 @_ssdm_op_BitSelect.i1.i32.i32, i32 %data_V, i32 31"   --->   Operation 32 'bitselect' 'p_Result_58' <Predicate = true> <Delay = 0.00>
ST_1 : Operation 33 [1/1] (0.00ns)   --->   "%din_exp_V = partselect i8 @_ssdm_op_PartSelect.i8.i32.i32.i32, i32 %data_V, i32 23, i32 30"   --->   Operation 33 'partselect' 'din_exp_V' <Predicate = true> <Delay = 0.00>
ST_1 : Operation 34 [1/1] (0.00ns)   --->   "%din_sig_V = trunc i32 %data_V"   --->   Operation 34 'trunc' 'din_sig_V' <Predicate = true> <Delay = 0.00>
ST_1 : Operation 35 [1/1] (1.55ns)   --->   "%closepath = icmp_ult  i8 %din_exp_V, i8 126"   --->   Operation 35 'icmp' 'closepath' <Predicate = true> <Delay = 1.55> <CoreInst = "Cmp">   --->   Core 9 'Cmp' <Latency = 0> <II = 1> <Delay = 1.55> <FuncUnit> <Opcode : 'icmp'> <InPorts = 2> <OutPorts = 1>
ST_1 : Operation 36 [1/1] (0.00ns)   --->   "%p_Result_59 = trunc i32 %data_V"   --->   Operation 36 'trunc' 'p_Result_59' <Predicate = true> <Delay = 0.00>
ST_1 : Operation 37 [1/1] (1.91ns)   --->   "%add_ln214 = add i8 %din_exp_V, i8 194"   --->   Operation 37 'add' 'add_ln214' <Predicate = true> <Delay = 1.91> <CoreInst = "Adder">   --->   Core 1 'Adder' <Latency = 0> <II = 1> <Delay = 1.91> <FuncUnit> <Opcode : 'add' 'sub'> <InPorts = 2> <OutPorts = 1>
ST_1 : Operation 38 [1/1] (1.24ns)   --->   "%addr_V = select i1 %closepath, i8 63, i8 %add_ln214"   --->   Operation 38 'select' 'addr_V' <Predicate = true> <Delay = 1.24> <CoreInst = "Sel">   --->   Core 73 'Sel' <Latency = 0> <II = 1> <Delay = 1.24> <FuncUnit> <Opcode : 'select'> <InPorts = 3> <OutPorts = 1>
ST_1 : Operation 39 [1/1] (0.00ns)   --->   "%lshr_ln = partselect i4 @_ssdm_op_PartSelect.i4.i8.i32.i32, i8 %addr_V, i32 4, i32 7"   --->   Operation 39 'partselect' 'lshr_ln' <Predicate = true> <Delay = 0.00>
ST_1 : Operation 40 [1/1] (0.00ns)   --->   "%zext_ln541_1 = zext i4 %lshr_ln"   --->   Operation 40 'zext' 'zext_ln541_1' <Predicate = true> <Delay = 0.00>
ST_1 : Operation 41 [1/1] (0.00ns)   --->   "%ref_4oPi_table_100_V_addr = getelementptr i100 %ref_4oPi_table_100_V, i64 0, i64 %zext_ln541_1" [C:\scratch\2022.2.2\hls_product\139\2022.2.2\src\shared\hls\clib/hlsmath/include/FloatingPoint/hls_range_redux.h:407]   --->   Operation 41 'getelementptr' 'ref_4oPi_table_100_V_addr' <Predicate = true> <Delay = 0.00>
ST_1 : Operation 42 [2/2] (2.30ns)   --->   "%table_100_V = load i4 %ref_4oPi_table_100_V_addr" [C:\scratch\2022.2.2\hls_product\139\2022.2.2\src\shared\hls\clib/hlsmath/include/FloatingPoint/hls_range_redux.h:407]   --->   Operation 42 'load' 'table_100_V' <Predicate = true> <Delay = 2.30> <CoreInst = "ROM_1P_LUTRAM">   --->   Core 97 'ROM_1P_LUTRAM' <Latency = 1> <II = 1> <Delay = 2.30> <Storage> <Opcode : 'load'> <Ports = 1> <Width = 100> <Depth = 13> <ROM>
ST_1 : Operation 43 [1/1] (0.00ns)   --->   "%trunc_ln628 = trunc i8 %addr_V"   --->   Operation 43 'trunc' 'trunc_ln628' <Predicate = true> <Delay = 0.00>
ST_1 : Operation 44 [1/1] (2.44ns)   --->   "%icmp_ln1019_1 = icmp_eq  i23 %din_sig_V, i23 0"   --->   Operation 44 'icmp' 'icmp_ln1019_1' <Predicate = true> <Delay = 2.44> <CoreInst = "Cmp">   --->   Core 9 'Cmp' <Latency = 0> <II = 1> <Delay = 2.44> <FuncUnit> <Opcode : 'icmp'> <InPorts = 2> <OutPorts = 1>

State 2 <SV = 1> <Delay = 7.07>
ST_2 : Operation 45 [1/2] (2.30ns)   --->   "%table_100_V = load i4 %ref_4oPi_table_100_V_addr" [C:\scratch\2022.2.2\hls_product\139\2022.2.2\src\shared\hls\clib/hlsmath/include/FloatingPoint/hls_range_redux.h:407]   --->   Operation 45 'load' 'table_100_V' <Predicate = true> <Delay = 2.30> <CoreInst = "ROM_1P_LUTRAM">   --->   Core 97 'ROM_1P_LUTRAM' <Latency = 1> <II = 1> <Delay = 2.30> <Storage> <Opcode : 'load'> <Ports = 1> <Width = 100> <Depth = 13> <ROM>
ST_2 : Operation 46 [1/1] (0.00ns)   --->   "%zext_ln930 = zext i4 %trunc_ln628"   --->   Operation 46 'zext' 'zext_ln930' <Predicate = true> <Delay = 0.00>
ST_2 : Operation 47 [1/1] (4.77ns)   --->   "%r_V_38 = shl i100 %table_100_V, i100 %zext_ln930"   --->   Operation 47 'shl' 'r_V_38' <Predicate = true> <Delay = 4.77> <CoreInst = "Shifter">   --->   Core 75 'Shifter' <Latency = 0> <II = 1> <Delay = 4.77> <FuncUnit> <Opcode : 'shl' 'lshr' 'ashr'> <InPorts = 2> <OutPorts = 1>
ST_2 : Operation 48 [1/1] (0.00ns)   --->   "%Med_V = partselect i80 @_ssdm_op_PartSelect.i80.i100.i32.i32, i100 %r_V_38, i32 20, i32 99"   --->   Operation 48 'partselect' 'Med_V' <Predicate = true> <Delay = 0.00>

State 3 <SV = 2> <Delay = 6.97>
ST_3 : Operation 49 [1/1] (0.00ns)   --->   "%p_Result_60 = bitconcatenate i24 @_ssdm_op_BitConcatenate.i24.i1.i23, i1 1, i23 %p_Result_59"   --->   Operation 49 'bitconcatenate' 'p_Result_60' <Predicate = true> <Delay = 0.00>
ST_3 : Operation 50 [1/1] (0.00ns)   --->   "%zext_ln1494 = zext i24 %p_Result_60"   --->   Operation 50 'zext' 'zext_ln1494' <Predicate = true> <Delay = 0.00>
ST_3 : Operation 51 [5/5] (6.97ns)   --->   "%ret_V = mul i80 %Med_V, i80 %zext_ln1494"   --->   Operation 51 'mul' 'ret_V' <Predicate = true> <Delay = 6.97> <CoreInst = "Multiplier">   --->   Core 3 'Multiplier' <Latency = 4> <II = 1> <Delay = 6.97> <FuncUnit> <Opcode : 'mul'> <InPorts = 2> <OutPorts = 1>

State 4 <SV = 3> <Delay = 6.97>
ST_4 : Operation 52 [4/5] (6.97ns)   --->   "%ret_V = mul i80 %Med_V, i80 %zext_ln1494"   --->   Operation 52 'mul' 'ret_V' <Predicate = true> <Delay = 6.97> <CoreInst = "Multiplier">   --->   Core 3 'Multiplier' <Latency = 4> <II = 1> <Delay = 6.97> <FuncUnit> <Opcode : 'mul'> <InPorts = 2> <OutPorts = 1>

State 5 <SV = 4> <Delay = 6.97>
ST_5 : Operation 53 [3/5] (6.97ns)   --->   "%ret_V = mul i80 %Med_V, i80 %zext_ln1494"   --->   Operation 53 'mul' 'ret_V' <Predicate = true> <Delay = 6.97> <CoreInst = "Multiplier">   --->   Core 3 'Multiplier' <Latency = 4> <II = 1> <Delay = 6.97> <FuncUnit> <Opcode : 'mul'> <InPorts = 2> <OutPorts = 1>

State 6 <SV = 5> <Delay = 6.97>
ST_6 : Operation 54 [2/5] (6.97ns)   --->   "%ret_V = mul i80 %Med_V, i80 %zext_ln1494"   --->   Operation 54 'mul' 'ret_V' <Predicate = true> <Delay = 6.97> <CoreInst = "Multiplier">   --->   Core 3 'Multiplier' <Latency = 4> <II = 1> <Delay = 6.97> <FuncUnit> <Opcode : 'mul'> <InPorts = 2> <OutPorts = 1>

State 7 <SV = 6> <Delay = 6.97>
ST_7 : Operation 55 [1/5] (6.97ns)   --->   "%ret_V = mul i80 %Med_V, i80 %zext_ln1494"   --->   Operation 55 'mul' 'ret_V' <Predicate = true> <Delay = 6.97> <CoreInst = "Multiplier">   --->   Core 3 'Multiplier' <Latency = 4> <II = 1> <Delay = 6.97> <FuncUnit> <Opcode : 'mul'> <InPorts = 2> <OutPorts = 1>
ST_7 : Operation 56 [1/1] (0.00ns)   --->   "%Mx_bits_V = partselect i58 @_ssdm_op_PartSelect.i58.i80.i32.i32, i80 %ret_V, i32 19, i32 76"   --->   Operation 56 'partselect' 'Mx_bits_V' <Predicate = true> <Delay = 0.00>
ST_7 : Operation 57 [1/1] (0.00ns)   --->   "%k_V = partselect i3 @_ssdm_op_PartSelect.i3.i80.i32.i32, i80 %ret_V, i32 77, i32 79"   --->   Operation 57 'partselect' 'k_V' <Predicate = (!closepath)> <Delay = 0.00>

State 8 <SV = 7> <Delay = 4.44>
ST_8 : Operation 58 [1/1] (0.00ns) (grouped into LUT with out node Mx_bits_V_3)   --->   "%tmp = bitselect i1 @_ssdm_op_BitSelect.i1.i80.i32, i80 %ret_V, i32 77" [C:\scratch\2022.2.2\hls_product\139\2022.2.2\src\shared\hls\clib/hlsmath/include/FloatingPoint\hls_hotbm.h:259]   --->   Operation 58 'bitselect' 'tmp' <Predicate = true> <Delay = 0.00>
ST_8 : Operation 59 [1/1] (0.00ns) (grouped into LUT with out node Mx_bits_V_3)   --->   "%xor_ln1027 = xor i1 %closepath, i1 1"   --->   Operation 59 'xor' 'xor_ln1027' <Predicate = true> <Delay = 0.00> <CoreInst = "LogicGate">   --->   Core 74 'LogicGate' <Latency = 0> <II = 1> <Delay = 0.97> <FuncUnit> <Opcode : 'and' 'or' 'xor'> <InPorts = 2> <OutPorts = 1>
ST_8 : Operation 60 [1/1] (0.00ns) (grouped into LUT with out node Mx_bits_V_3)   --->   "%p_Result_s = and i1 %tmp, i1 %xor_ln1027"   --->   Operation 60 'and' 'p_Result_s' <Predicate = true> <Delay = 0.00> <CoreInst = "LogicGate">   --->   Core 74 'LogicGate' <Latency = 0> <II = 1> <Delay = 0.97> <FuncUnit> <Opcode : 'and' 'or' 'xor'> <InPorts = 2> <OutPorts = 1>
ST_8 : Operation 61 [1/1] (3.36ns)   --->   "%Mx_bits_V_1 = sub i58 0, i58 %Mx_bits_V"   --->   Operation 61 'sub' 'Mx_bits_V_1' <Predicate = true> <Delay = 3.36> <CoreInst = "Adder">   --->   Core 1 'Adder' <Latency = 0> <II = 1> <Delay = 3.36> <FuncUnit> <Opcode : 'add' 'sub'> <InPorts = 2> <OutPorts = 1>
ST_8 : Operation 62 [1/1] (1.07ns) (out node of the LUT)   --->   "%Mx_bits_V_3 = select i1 %p_Result_s, i58 %Mx_bits_V_1, i58 %Mx_bits_V" [C:\scratch\2022.2.2\hls_product\139\2022.2.2\src\shared\hls\clib/hlsmath/include/FloatingPoint/hls_range_redux.h:520]   --->   Operation 62 'select' 'Mx_bits_V_3' <Predicate = true> <Delay = 1.07> <CoreInst = "Sel">   --->   Core 73 'Sel' <Latency = 0> <II = 1> <Delay = 1.07> <FuncUnit> <Opcode : 'select'> <InPorts = 3> <OutPorts = 1>
ST_8 : Operation 63 [1/1] (0.00ns)   --->   "%tmp_11 = partselect i29 @_ssdm_op_PartSelect.i29.i58.i32.i32, i58 %Mx_bits_V_3, i32 29, i32 57"   --->   Operation 63 'partselect' 'tmp_11' <Predicate = true> <Delay = 0.00>
ST_8 : Operation 64 [1/1] (0.00ns)   --->   "%p_Result_61 = bitconcatenate i30 @_ssdm_op_BitConcatenate.i30.i29.i1, i29 %tmp_11, i1 1"   --->   Operation 64 'bitconcatenate' 'p_Result_61' <Predicate = true> <Delay = 0.00>
ST_8 : Operation 65 [1/1] (0.00ns)   --->   "%p_Result_49 = partselect i30 @llvm.part.select.i30, i30 %p_Result_61, i32 29, i32 0"   --->   Operation 65 'partselect' 'p_Result_49' <Predicate = true> <Delay = 0.00>
ST_8 : Operation 66 [1/1] (0.00ns)   --->   "%p_Result_62 = bitconcatenate i31 @_ssdm_op_BitConcatenate.i31.i1.i30, i1 1, i30 %p_Result_49"   --->   Operation 66 'bitconcatenate' 'p_Result_62' <Predicate = true> <Delay = 0.00>
ST_8 : Operation 67 [1/1] (0.00ns)   --->   "%sext_ln1198 = sext i31 %p_Result_62"   --->   Operation 67 'sext' 'sext_ln1198' <Predicate = true> <Delay = 0.00>
ST_8 : Operation 68 [1/1] (0.00ns)   --->   "%op_assign = cttz i32 @llvm.cttz.i32, i32 %sext_ln1198, i1 1"   --->   Operation 68 'cttz' 'op_assign' <Predicate = true> <Delay = 0.00>
ST_8 : Operation 69 [1/1] (0.00ns)   --->   "%Mx_zeros = trunc i32 %op_assign"   --->   Operation 69 'trunc' 'Mx_zeros' <Predicate = true> <Delay = 0.00>

State 9 <SV = 8> <Delay = 6.71>
ST_9 : Operation 70 [1/1] (1.91ns)   --->   "%Ex_V = add i8 %din_exp_V, i8 131"   --->   Operation 70 'add' 'Ex_V' <Predicate = (closepath)> <Delay = 1.91> <CoreInst = "Adder">   --->   Core 1 'Adder' <Latency = 0> <II = 1> <Delay = 1.91> <FuncUnit> <Opcode : 'add' 'sub'> <InPorts = 2> <OutPorts = 1>
ST_9 : Operation 71 [1/1] (0.00ns) (grouped into LUT with out node Ex_V_3)   --->   "%select_ln482 = select i1 %closepath, i8 %Ex_V, i8 0" [C:\scratch\2022.2.2\hls_product\139\2022.2.2\src\shared\hls\clib/hlsmath/include/FloatingPoint/hls_range_redux.h:482]   --->   Operation 71 'select' 'select_ln482' <Predicate = true> <Delay = 0.00> <CoreInst = "Sel">   --->   Core 73 'Sel' <Latency = 0> <II = 1> <Delay = 1.24> <FuncUnit> <Opcode : 'select'> <InPorts = 3> <OutPorts = 1>
ST_9 : Operation 72 [1/1] (0.98ns)   --->   "%k_V_1 = select i1 %closepath, i3 0, i3 %k_V"   --->   Operation 72 'select' 'k_V_1' <Predicate = true> <Delay = 0.98> <CoreInst = "Sel">   --->   Core 73 'Sel' <Latency = 0> <II = 1> <Delay = 0.98> <FuncUnit> <Opcode : 'select'> <InPorts = 3> <OutPorts = 1>
ST_9 : Operation 73 [1/1] (0.00ns) (grouped into LUT with out node Ex_V_3)   --->   "%zext_ln841 = zext i6 %Mx_zeros"   --->   Operation 73 'zext' 'zext_ln841' <Predicate = true> <Delay = 0.00>
ST_9 : Operation 74 [1/1] (0.00ns)   --->   "%zext_ln1454 = zext i6 %Mx_zeros"   --->   Operation 74 'zext' 'zext_ln1454' <Predicate = true> <Delay = 0.00>
ST_9 : Operation 75 [1/1] (4.60ns)   --->   "%r = shl i58 %Mx_bits_V_3, i58 %zext_ln1454"   --->   Operation 75 'shl' 'r' <Predicate = true> <Delay = 4.60> <CoreInst = "Shifter">   --->   Core 75 'Shifter' <Latency = 0> <II = 1> <Delay = 4.60> <FuncUnit> <Opcode : 'shl' 'lshr' 'ashr'> <InPorts = 2> <OutPorts = 1>
ST_9 : Operation 76 [1/1] (0.00ns)   --->   "%Mx_V = partselect i29 @_ssdm_op_PartSelect.i29.i58.i32.i32, i58 %r, i32 29, i32 57"   --->   Operation 76 'partselect' 'Mx_V' <Predicate = true> <Delay = 0.00>
ST_9 : Operation 77 [1/1] (1.91ns) (out node of the LUT)   --->   "%Ex_V_3 = sub i8 %select_ln482, i8 %zext_ln841"   --->   Operation 77 'sub' 'Ex_V_3' <Predicate = true> <Delay = 1.91> <CoreInst = "Adder">   --->   Core 1 'Adder' <Latency = 0> <II = 1> <Delay = 1.91> <FuncUnit> <Opcode : 'add' 'sub'> <InPorts = 2> <OutPorts = 1>
ST_9 : Operation 78 [1/1] (0.00ns)   --->   "%sext_ln1535 = sext i8 %Ex_V_3"   --->   Operation 78 'sext' 'sext_ln1535' <Predicate = true> <Delay = 0.00>
ST_9 : Operation 79 [1/1] (0.00ns)   --->   "%isNeg = bitselect i1 @_ssdm_op_BitSelect.i1.i8.i32, i8 %Ex_V_3, i32 7"   --->   Operation 79 'bitselect' 'isNeg' <Predicate = true> <Delay = 0.00>
ST_9 : Operation 80 [1/1] (1.91ns)   --->   "%sub_ln1512 = sub i9 0, i9 %sext_ln1535"   --->   Operation 80 'sub' 'sub_ln1512' <Predicate = true> <Delay = 1.91> <CoreInst = "Adder">   --->   Core 1 'Adder' <Latency = 0> <II = 1> <Delay = 1.91> <FuncUnit> <Opcode : 'add' 'sub'> <InPorts = 2> <OutPorts = 1>
ST_9 : Operation 81 [1/1] (0.96ns)   --->   "%ush = select i1 %isNeg, i9 %sub_ln1512, i9 %sext_ln1535"   --->   Operation 81 'select' 'ush' <Predicate = true> <Delay = 0.96> <CoreInst = "Sel">   --->   Core 73 'Sel' <Latency = 0> <II = 1> <Delay = 0.96> <FuncUnit> <Opcode : 'select'> <InPorts = 3> <OutPorts = 1>
ST_9 : Operation 82 [1/1] (1.55ns)   --->   "%icmp_ln1019 = icmp_eq  i8 %din_exp_V, i8 0"   --->   Operation 82 'icmp' 'icmp_ln1019' <Predicate = true> <Delay = 1.55> <CoreInst = "Cmp">   --->   Core 9 'Cmp' <Latency = 0> <II = 1> <Delay = 1.55> <FuncUnit> <Opcode : 'icmp'> <InPorts = 2> <OutPorts = 1>
ST_9 : Operation 83 [1/1] (1.55ns)   --->   "%icmp_ln1019_2 = icmp_eq  i8 %din_exp_V, i8 255"   --->   Operation 83 'icmp' 'icmp_ln1019_2' <Predicate = true> <Delay = 1.55> <CoreInst = "Cmp">   --->   Core 9 'Cmp' <Latency = 0> <II = 1> <Delay = 1.55> <FuncUnit> <Opcode : 'icmp'> <InPorts = 2> <OutPorts = 1>

State 10 <SV = 9> <Delay = 6.48>
ST_10 : Operation 84 [1/1] (0.00ns)   --->   "%sext_ln1512 = sext i9 %ush"   --->   Operation 84 'sext' 'sext_ln1512' <Predicate = true> <Delay = 0.00>
ST_10 : Operation 85 [1/1] (0.00ns)   --->   "%zext_ln1488 = zext i29 %Mx_V"   --->   Operation 85 'zext' 'zext_ln1488' <Predicate = true> <Delay = 0.00>
ST_10 : Operation 86 [1/1] (0.00ns) (grouped into LUT with out node select_ln1513)   --->   "%lshr_ln1488 = lshr i32 %zext_ln1488, i32 %sext_ln1512"   --->   Operation 86 'lshr' 'lshr_ln1488' <Predicate = (isNeg)> <Delay = 0.00> <CoreInst = "Shifter">   --->   Core 75 'Shifter' <Latency = 0> <II = 1> <Delay = 4.33> <FuncUnit> <Opcode : 'shl' 'lshr' 'ashr'> <InPorts = 2> <OutPorts = 1>
ST_10 : Operation 87 [1/1] (0.00ns) (grouped into LUT with out node select_ln1513)   --->   "%shl_ln1454 = shl i32 %zext_ln1488, i32 %sext_ln1512"   --->   Operation 87 'shl' 'shl_ln1454' <Predicate = (!isNeg)> <Delay = 0.00> <CoreInst = "Shifter">   --->   Core 75 'Shifter' <Latency = 0> <II = 1> <Delay = 4.33> <FuncUnit> <Opcode : 'shl' 'lshr' 'ashr'> <InPorts = 2> <OutPorts = 1>
ST_10 : Operation 88 [1/1] (4.33ns) (out node of the LUT)   --->   "%select_ln1513 = select i1 %isNeg, i32 %lshr_ln1488, i32 %shl_ln1454"   --->   Operation 88 'select' 'select_ln1513' <Predicate = true> <Delay = 4.33> <CoreInst = "Sel">   --->   Core 73 'Sel' <Latency = 0> <II = 1> <Delay = 0.69> <FuncUnit> <Opcode : 'select'> <InPorts = 3> <OutPorts = 1>
ST_10 : Operation 89 [1/1] (0.00ns)   --->   "%B = trunc i32 %select_ln1513"   --->   Operation 89 'trunc' 'B' <Predicate = true> <Delay = 0.00>
ST_10 : Operation 90 [1/1] (0.00ns)   --->   "%tmp_12 = partselect i7 @_ssdm_op_PartSelect.i7.i32.i32.i32, i32 %select_ln1513, i32 22, i32 28"   --->   Operation 90 'partselect' 'tmp_12' <Predicate = true> <Delay = 0.00>
ST_10 : Operation 91 [1/1] (0.00ns)   --->   "%B_trunc = partselect i15 @_ssdm_op_PartSelect.i15.i32.i32.i32, i32 %select_ln1513, i32 7, i32 21"   --->   Operation 91 'partselect' 'B_trunc' <Predicate = true> <Delay = 0.00>
ST_10 : Operation 92 [1/1] (0.00ns)   --->   "%zext_ln1271 = zext i15 %B_trunc"   --->   Operation 92 'zext' 'zext_ln1271' <Predicate = true> <Delay = 0.00>
ST_10 : Operation 93 [4/4] (2.15ns) (root node of the DSP)   --->   "%r_V = mul i30 %zext_ln1271, i30 %zext_ln1271"   --->   Operation 93 'mul' 'r_V' <Predicate = true> <Delay = 2.15> <CoreInst = "DSP48">   --->   Core 119 'DSP48' <Latency = 3> <II = 1> <Delay = 2.15> <IPBlock> <Opcode : 'mul' 'add' 'sub' 'select'> <InPorts = 0> <OutPorts = 1> <Sync> <CReg>

State 11 <SV = 10> <Delay = 2.15>
ST_11 : Operation 94 [3/4] (2.15ns) (root node of the DSP)   --->   "%r_V = mul i30 %zext_ln1271, i30 %zext_ln1271"   --->   Operation 94 'mul' 'r_V' <Predicate = true> <Delay = 2.15> <CoreInst = "DSP48">   --->   Core 119 'DSP48' <Latency = 3> <II = 1> <Delay = 2.15> <IPBlock> <Opcode : 'mul' 'add' 'sub' 'select'> <InPorts = 0> <OutPorts = 1> <Sync> <CReg>

State 12 <SV = 11> <Delay = 6.59>
ST_12 : Operation 95 [1/1] (0.00ns)   --->   "%do_cos_read = read i1 @_ssdm_op_Read.ap_auto.i1, i1 %do_cos"   --->   Operation 95 'read' 'do_cos_read' <Predicate = true> <Delay = 0.00>
ST_12 : Operation 96 [1/1] (2.30ns)   --->   "%tmp_s = mux i1 @_ssdm_op_Mux.ap_auto.8i1.i3, i1 0, i1 1, i1 1, i1 0, i1 0, i1 1, i1 1, i1 0, i3 %k_V_1" [C:\scratch\2022.2.2\hls_product\139\2022.2.2\src\shared\hls\clib/hlsmath/include/FloatingPoint\hls_hotbm.h:271]   --->   Operation 96 'mux' 'tmp_s' <Predicate = true> <Delay = 2.30> <CoreInst = "Multiplexer">   --->   Core 76 'Multiplexer' <Latency = 0> <II = 1> <Delay = 2.30> <FuncUnit> <Opcode : 'mux'> <InPorts = 2> <OutPorts = 1>
ST_12 : Operation 97 [1/1] (0.97ns)   --->   "%xor_ln271 = xor i1 %tmp_s, i1 1" [C:\scratch\2022.2.2\hls_product\139\2022.2.2\src\shared\hls\clib/hlsmath/include/FloatingPoint\hls_hotbm.h:271]   --->   Operation 97 'xor' 'xor_ln271' <Predicate = true> <Delay = 0.97> <CoreInst = "LogicGate">   --->   Core 74 'LogicGate' <Latency = 0> <II = 1> <Delay = 0.97> <FuncUnit> <Opcode : 'and' 'or' 'xor'> <InPorts = 2> <OutPorts = 1>
ST_12 : Operation 98 [1/1] (0.99ns)   --->   "%cos_basis = select i1 %do_cos_read, i1 %xor_ln271, i1 %tmp_s" [C:\scratch\2022.2.2\hls_product\139\2022.2.2\src\shared\hls\clib/hlsmath/include/FloatingPoint\hls_hotbm.h:271]   --->   Operation 98 'select' 'cos_basis' <Predicate = true> <Delay = 0.99> <CoreInst = "Sel">   --->   Core 73 'Sel' <Latency = 0> <II = 1> <Delay = 0.99> <FuncUnit> <Opcode : 'select'> <InPorts = 3> <OutPorts = 1>
ST_12 : Operation 99 [2/4] (2.15ns) (root node of the DSP)   --->   "%r_V = mul i30 %zext_ln1271, i30 %zext_ln1271"   --->   Operation 99 'mul' 'r_V' <Predicate = true> <Delay = 2.15> <CoreInst = "DSP48">   --->   Core 119 'DSP48' <Latency = 3> <II = 1> <Delay = 2.15> <IPBlock> <Opcode : 'mul' 'add' 'sub' 'select'> <InPorts = 0> <OutPorts = 1> <Sync> <CReg>
ST_12 : Operation 100 [1/1] (0.99ns)   --->   "%sin_basis = select i1 %do_cos_read, i1 %tmp_s, i1 %xor_ln271" [C:\scratch\2022.2.2\hls_product\139\2022.2.2\src\shared\hls\clib\hlsmath\src\common\hls_hotbm_float.cpp:25]   --->   Operation 100 'select' 'sin_basis' <Predicate = true> <Delay = 0.99> <CoreInst = "Sel">   --->   Core 73 'Sel' <Latency = 0> <II = 1> <Delay = 0.99> <FuncUnit> <Opcode : 'select'> <InPorts = 3> <OutPorts = 1>
ST_12 : Operation 101 [1/1] (0.00ns)   --->   "%p_Result_63 = bitconcatenate i8 @_ssdm_op_BitConcatenate.i8.i1.i7, i1 %sin_basis, i7 %tmp_12"   --->   Operation 101 'bitconcatenate' 'p_Result_63' <Predicate = true> <Delay = 0.00>
ST_12 : Operation 102 [1/1] (0.00ns)   --->   "%zext_ln541 = zext i8 %p_Result_63"   --->   Operation 102 'zext' 'zext_ln541' <Predicate = true> <Delay = 0.00>
ST_12 : Operation 103 [1/1] (0.00ns)   --->   "%second_order_float_sin_cos_K0_V_addr = getelementptr i30 %second_order_float_sin_cos_K0_V, i64 0, i64 %zext_ln541"   --->   Operation 103 'getelementptr' 'second_order_float_sin_cos_K0_V_addr' <Predicate = true> <Delay = 0.00>
ST_12 : Operation 104 [2/2] (2.32ns)   --->   "%second_order_float_sin_cos_K0_V_load = load i8 %second_order_float_sin_cos_K0_V_addr"   --->   Operation 104 'load' 'second_order_float_sin_cos_K0_V_load' <Predicate = true> <Delay = 2.32> <CoreInst = "ROM_1P_LUTRAM">   --->   Core 97 'ROM_1P_LUTRAM' <Latency = 1> <II = 1> <Delay = 2.32> <Storage> <Opcode : 'load'> <Ports = 1> <Width = 30> <Depth = 256> <ROM>
ST_12 : Operation 105 [1/1] (0.00ns)   --->   "%second_order_float_sin_cos_K1_V_addr = getelementptr i23 %second_order_float_sin_cos_K1_V, i64 0, i64 %zext_ln541"   --->   Operation 105 'getelementptr' 'second_order_float_sin_cos_K1_V_addr' <Predicate = true> <Delay = 0.00>
ST_12 : Operation 106 [2/2] (2.32ns)   --->   "%second_order_float_sin_cos_K1_V_load = load i8 %second_order_float_sin_cos_K1_V_addr"   --->   Operation 106 'load' 'second_order_float_sin_cos_K1_V_load' <Predicate = true> <Delay = 2.32> <CoreInst = "ROM_1P_LUTRAM">   --->   Core 97 'ROM_1P_LUTRAM' <Latency = 1> <II = 1> <Delay = 2.32> <Storage> <Opcode : 'load'> <Ports = 1> <Width = 23> <Depth = 256> <ROM>
ST_12 : Operation 107 [1/1] (0.00ns)   --->   "%second_order_float_sin_cos_K2_V_addr = getelementptr i15 %second_order_float_sin_cos_K2_V, i64 0, i64 %zext_ln541"   --->   Operation 107 'getelementptr' 'second_order_float_sin_cos_K2_V_addr' <Predicate = true> <Delay = 0.00>
ST_12 : Operation 108 [2/2] (2.32ns)   --->   "%second_order_float_sin_cos_K2_V_load = load i8 %second_order_float_sin_cos_K2_V_addr"   --->   Operation 108 'load' 'second_order_float_sin_cos_K2_V_load' <Predicate = true> <Delay = 2.32> <CoreInst = "ROM_1P_LUTRAM">   --->   Core 97 'ROM_1P_LUTRAM' <Latency = 1> <II = 1> <Delay = 2.32> <Storage> <Opcode : 'load'> <Ports = 1> <Width = 15> <Depth = 256> <ROM>
ST_12 : Operation 109 [1/1] (0.00ns)   --->   "%p_Result_66 = bitconcatenate i4 @_ssdm_op_BitConcatenate.i4.i1.i3, i1 %p_Result_58, i3 %k_V_1"   --->   Operation 109 'bitconcatenate' 'p_Result_66' <Predicate = true> <Delay = 0.00>
ST_12 : Operation 110 [1/1] (0.00ns) (grouped into LUT with out node results_sign_V_3)   --->   "%tmp_15 = mux i1 @_ssdm_op_Mux.ap_auto.16i1.i4, i1 0, i1 0, i1 0, i1 1, i1 1, i1 1, i1 1, i1 0, i1 0, i1 1, i1 1, i1 1, i1 1, i1 0, i1 0, i1 0, i4 %p_Result_66" [C:\scratch\2022.2.2\hls_product\139\2022.2.2\src\shared\hls\clib/hlsmath/include/FloatingPoint\hls_hotbm.h:296]   --->   Operation 110 'mux' 'tmp_15' <Predicate = true> <Delay = 0.00> <CoreInst = "Multiplexer">   --->   Core 76 'Multiplexer' <Latency = 0> <II = 1> <Delay = 2.06> <FuncUnit> <Opcode : 'mux'> <InPorts = 2> <OutPorts = 1>
ST_12 : Operation 111 [1/1] (0.00ns) (grouped into LUT with out node results_sign_V_3)   --->   "%tmp_16 = mux i1 @_ssdm_op_Mux.ap_auto.16i1.i4, i1 0, i1 0, i1 1, i1 0, i1 1, i1 1, i1 0, i1 1, i1 1, i1 0, i1 1, i1 1, i1 0, i1 1, i1 0, i1 0, i4 %p_Result_66" [C:\scratch\2022.2.2\hls_product\139\2022.2.2\src\shared\hls\clib/hlsmath/include/FloatingPoint\hls_hotbm.h:296]   --->   Operation 111 'mux' 'tmp_16' <Predicate = true> <Delay = 0.00> <CoreInst = "Multiplexer">   --->   Core 76 'Multiplexer' <Latency = 0> <II = 1> <Delay = 2.06> <FuncUnit> <Opcode : 'mux'> <InPorts = 2> <OutPorts = 1>
ST_12 : Operation 112 [1/1] (0.00ns) (grouped into LUT with out node results_sign_V_3)   --->   "%results_sign_V = select i1 %cos_basis, i1 %tmp_15, i1 %tmp_16" [C:\scratch\2022.2.2\hls_product\139\2022.2.2\src\shared\hls\clib/hlsmath/include/FloatingPoint\hls_hotbm.h:271]   --->   Operation 112 'select' 'results_sign_V' <Predicate = true> <Delay = 0.00> <CoreInst = "Sel">   --->   Core 73 'Sel' <Latency = 0> <II = 1> <Delay = 0.99> <FuncUnit> <Opcode : 'select'> <InPorts = 3> <OutPorts = 1>
ST_12 : Operation 113 [1/1] (0.00ns) (grouped into LUT with out node results_sign_V_3)   --->   "%xor_ln311 = xor i1 %icmp_ln1019_2, i1 1" [C:\scratch\2022.2.2\hls_product\139\2022.2.2\src\shared\hls\clib/hlsmath/include/FloatingPoint\hls_hotbm.h:311]   --->   Operation 113 'xor' 'xor_ln311' <Predicate = true> <Delay = 0.00> <CoreInst = "LogicGate">   --->   Core 74 'LogicGate' <Latency = 0> <II = 1> <Delay = 0.97> <FuncUnit> <Opcode : 'and' 'or' 'xor'> <InPorts = 2> <OutPorts = 1>
ST_12 : Operation 114 [1/1] (2.06ns) (out node of the LUT)   --->   "%results_sign_V_3 = and i1 %results_sign_V, i1 %xor_ln311" [C:\scratch\2022.2.2\hls_product\139\2022.2.2\src\shared\hls\clib/hlsmath/include/FloatingPoint\hls_hotbm.h:311]   --->   Operation 114 'and' 'results_sign_V_3' <Predicate = true> <Delay = 2.06> <CoreInst = "LogicGate">   --->   Core 74 'LogicGate' <Latency = 0> <II = 1> <Delay = 0.97> <FuncUnit> <Opcode : 'and' 'or' 'xor'> <InPorts = 2> <OutPorts = 1>

State 13 <SV = 12> <Delay = 4.47>
ST_13 : Operation 115 [1/4] (0.00ns) (root node of the DSP)   --->   "%r_V = mul i30 %zext_ln1271, i30 %zext_ln1271"   --->   Operation 115 'mul' 'r_V' <Predicate = true> <Delay = 0.00> <CoreInst = "DSP48">   --->   Core 119 'DSP48' <Latency = 3> <II = 1> <Delay = 2.15> <IPBlock> <Opcode : 'mul' 'add' 'sub' 'select'> <InPorts = 0> <OutPorts = 1> <Sync> <CReg>
ST_13 : Operation 116 [1/1] (0.00ns)   --->   "%B_squared = partselect i15 @_ssdm_op_PartSelect.i15.i30.i32.i32, i30 %r_V, i32 15, i32 29"   --->   Operation 116 'partselect' 'B_squared' <Predicate = true> <Delay = 0.00>
ST_13 : Operation 117 [1/1] (0.00ns)   --->   "%zext_ln818 = zext i15 %B_squared"   --->   Operation 117 'zext' 'zext_ln818' <Predicate = true> <Delay = 0.00>
ST_13 : Operation 118 [1/2] (2.32ns)   --->   "%second_order_float_sin_cos_K0_V_load = load i8 %second_order_float_sin_cos_K0_V_addr"   --->   Operation 118 'load' 'second_order_float_sin_cos_K0_V_load' <Predicate = true> <Delay = 2.32> <CoreInst = "ROM_1P_LUTRAM">   --->   Core 97 'ROM_1P_LUTRAM' <Latency = 1> <II = 1> <Delay = 2.32> <Storage> <Opcode : 'load'> <Ports = 1> <Width = 30> <Depth = 256> <ROM>
ST_13 : Operation 119 [1/1] (0.00ns)   --->   "%t1_V = partselect i29 @_ssdm_op_PartSelect.i29.i30.i32.i32, i30 %second_order_float_sin_cos_K0_V_load, i32 1, i32 29"   --->   Operation 119 'partselect' 't1_V' <Predicate = true> <Delay = 0.00>
ST_13 : Operation 120 [1/2] (2.32ns)   --->   "%second_order_float_sin_cos_K1_V_load = load i8 %second_order_float_sin_cos_K1_V_addr"   --->   Operation 120 'load' 'second_order_float_sin_cos_K1_V_load' <Predicate = true> <Delay = 2.32> <CoreInst = "ROM_1P_LUTRAM">   --->   Core 97 'ROM_1P_LUTRAM' <Latency = 1> <II = 1> <Delay = 2.32> <Storage> <Opcode : 'load'> <Ports = 1> <Width = 23> <Depth = 256> <ROM>
ST_13 : Operation 121 [1/2] (2.32ns)   --->   "%second_order_float_sin_cos_K2_V_load = load i8 %second_order_float_sin_cos_K2_V_addr"   --->   Operation 121 'load' 'second_order_float_sin_cos_K2_V_load' <Predicate = true> <Delay = 2.32> <CoreInst = "ROM_1P_LUTRAM">   --->   Core 97 'ROM_1P_LUTRAM' <Latency = 1> <II = 1> <Delay = 2.32> <Storage> <Opcode : 'load'> <Ports = 1> <Width = 15> <Depth = 256> <ROM>
ST_13 : Operation 122 [1/1] (0.00ns)   --->   "%sext_ln1273_3 = sext i15 %second_order_float_sin_cos_K2_V_load"   --->   Operation 122 'sext' 'sext_ln1273_3' <Predicate = true> <Delay = 0.00>
ST_13 : Operation 123 [4/4] (2.15ns) (root node of the DSP)   --->   "%r_V_35 = mul i30 %zext_ln818, i30 %sext_ln1273_3"   --->   Operation 123 'mul' 'r_V_35' <Predicate = true> <Delay = 2.15> <CoreInst = "DSP48">   --->   Core 119 'DSP48' <Latency = 3> <II = 1> <Delay = 2.15> <IPBlock> <Opcode : 'mul' 'add' 'sub' 'select'> <InPorts = 0> <OutPorts = 1> <Sync> <CReg>
ST_13 : Operation 124 [1/1] (0.97ns)   --->   "%and_ln300 = and i1 %icmp_ln1019, i1 %icmp_ln1019_1" [C:\scratch\2022.2.2\hls_product\139\2022.2.2\src\shared\hls\clib/hlsmath/include/FloatingPoint\hls_hotbm.h:300]   --->   Operation 124 'and' 'and_ln300' <Predicate = true> <Delay = 0.97> <CoreInst = "LogicGate">   --->   Core 74 'LogicGate' <Latency = 0> <II = 1> <Delay = 0.97> <FuncUnit> <Opcode : 'and' 'or' 'xor'> <InPorts = 2> <OutPorts = 1>
ST_13 : Operation 125 [1/1] (0.00ns) (grouped into LUT with out node results_sign_V_4)   --->   "%xor_ln307 = xor i1 %do_cos_read, i1 1" [C:\scratch\2022.2.2\hls_product\139\2022.2.2\src\shared\hls\clib/hlsmath/include/FloatingPoint\hls_hotbm.h:307]   --->   Operation 125 'xor' 'xor_ln307' <Predicate = true> <Delay = 0.00> <CoreInst = "LogicGate">   --->   Core 74 'LogicGate' <Latency = 0> <II = 1> <Delay = 0.97> <FuncUnit> <Opcode : 'and' 'or' 'xor'> <InPorts = 2> <OutPorts = 1>
ST_13 : Operation 126 [1/1] (0.00ns) (grouped into LUT with out node results_sign_V_4)   --->   "%results_sign_V_2 = and i1 %p_Result_58, i1 %xor_ln307" [C:\scratch\2022.2.2\hls_product\139\2022.2.2\src\shared\hls\clib/hlsmath/include/FloatingPoint\hls_hotbm.h:307]   --->   Operation 126 'and' 'results_sign_V_2' <Predicate = true> <Delay = 0.00> <CoreInst = "LogicGate">   --->   Core 74 'LogicGate' <Latency = 0> <II = 1> <Delay = 0.97> <FuncUnit> <Opcode : 'and' 'or' 'xor'> <InPorts = 2> <OutPorts = 1>
ST_13 : Operation 127 [1/1] (0.99ns) (out node of the LUT)   --->   "%results_sign_V_4 = select i1 %and_ln300, i1 %results_sign_V_2, i1 %results_sign_V_3" [C:\scratch\2022.2.2\hls_product\139\2022.2.2\src\shared\hls\clib/hlsmath/include/FloatingPoint\hls_hotbm.h:300]   --->   Operation 127 'select' 'results_sign_V_4' <Predicate = true> <Delay = 0.99> <CoreInst = "Sel">   --->   Core 73 'Sel' <Latency = 0> <II = 1> <Delay = 0.99> <FuncUnit> <Opcode : 'select'> <InPorts = 3> <OutPorts = 1>

State 14 <SV = 13> <Delay = 6.43>
ST_14 : Operation 128 [1/1] (0.00ns)   --->   "%zext_ln1271_1 = zext i22 %B"   --->   Operation 128 'zext' 'zext_ln1271_1' <Predicate = true> <Delay = 0.00>
ST_14 : Operation 129 [1/1] (0.00ns)   --->   "%sext_ln1273 = sext i23 %second_order_float_sin_cos_K1_V_load"   --->   Operation 129 'sext' 'sext_ln1273' <Predicate = true> <Delay = 0.00>
ST_14 : Operation 130 [1/1] (6.43ns)   --->   "%r_V_33 = mul i45 %sext_ln1273, i45 %zext_ln1271_1"   --->   Operation 130 'mul' 'r_V_33' <Predicate = true> <Delay = 6.43> <CoreInst = "Multiplier">   --->   Core 3 'Multiplier' <Latency = 0> <II = 1> <Delay = 6.43> <FuncUnit> <Opcode : 'mul'> <InPorts = 2> <OutPorts = 1>
ST_14 : Operation 131 [1/1] (0.00ns)   --->   "%rhs_16 = partselect i22 @_ssdm_op_PartSelect.i22.i45.i32.i32, i45 %r_V_33, i32 23, i32 44"   --->   Operation 131 'partselect' 'rhs_16' <Predicate = true> <Delay = 0.00>
ST_14 : Operation 132 [3/4] (2.15ns) (root node of the DSP)   --->   "%r_V_35 = mul i30 %zext_ln818, i30 %sext_ln1273_3"   --->   Operation 132 'mul' 'r_V_35' <Predicate = true> <Delay = 2.15> <CoreInst = "DSP48">   --->   Core 119 'DSP48' <Latency = 3> <II = 1> <Delay = 2.15> <IPBlock> <Opcode : 'mul' 'add' 'sub' 'select'> <InPorts = 0> <OutPorts = 1> <Sync> <CReg>

State 15 <SV = 14> <Delay = 2.15>
ST_15 : Operation 133 [2/4] (2.15ns) (root node of the DSP)   --->   "%r_V_35 = mul i30 %zext_ln818, i30 %sext_ln1273_3"   --->   Operation 133 'mul' 'r_V_35' <Predicate = true> <Delay = 2.15> <CoreInst = "DSP48">   --->   Core 119 'DSP48' <Latency = 3> <II = 1> <Delay = 2.15> <IPBlock> <Opcode : 'mul' 'add' 'sub' 'select'> <InPorts = 0> <OutPorts = 1> <Sync> <CReg>

State 16 <SV = 15> <Delay = 4.31>
ST_16 : Operation 134 [1/1] (0.80ns)   --->   "%Mx_V_1 = select i1 %cos_basis, i29 536870911, i29 %Mx_V" [C:\scratch\2022.2.2\hls_product\139\2022.2.2\src\shared\hls\clib/hlsmath/include/FloatingPoint\hls_hotbm.h:272]   --->   Operation 134 'select' 'Mx_V_1' <Predicate = true> <Delay = 0.80> <CoreInst = "Sel">   --->   Core 73 'Sel' <Latency = 0> <II = 1> <Delay = 0.80> <FuncUnit> <Opcode : 'select'> <InPorts = 3> <OutPorts = 1>
ST_16 : Operation 135 [1/4] (0.00ns) (root node of the DSP)   --->   "%r_V_35 = mul i30 %zext_ln818, i30 %sext_ln1273_3"   --->   Operation 135 'mul' 'r_V_35' <Predicate = true> <Delay = 0.00> <CoreInst = "DSP48">   --->   Core 119 'DSP48' <Latency = 3> <II = 1> <Delay = 2.15> <IPBlock> <Opcode : 'mul' 'add' 'sub' 'select'> <InPorts = 0> <OutPorts = 1> <Sync> <CReg>
ST_16 : Operation 136 [1/1] (0.00ns)   --->   "%rhs_1 = partselect i14 @_ssdm_op_PartSelect.i14.i30.i32.i32, i30 %r_V_35, i32 16, i32 29"   --->   Operation 136 'partselect' 'rhs_1' <Predicate = true> <Delay = 0.00>
ST_16 : Operation 137 [1/1] (0.00ns)   --->   "%sext_ln813 = sext i29 %t1_V"   --->   Operation 137 'sext' 'sext_ln813' <Predicate = true> <Delay = 0.00>
ST_16 : Operation 138 [1/1] (0.00ns)   --->   "%sext_ln813_7 = sext i22 %rhs_16"   --->   Operation 138 'sext' 'sext_ln813_7' <Predicate = true> <Delay = 0.00>
ST_16 : Operation 139 [1/1] (0.00ns) (grouped into TernaryAdder)   --->   "%ret_V_33 = add i30 %sext_ln813, i30 %sext_ln813_7"   --->   Operation 139 'add' 'ret_V_33' <Predicate = true> <Delay = 0.00> <CoreInst = "TAddSub">   --->   Core 10 'TAddSub' <Latency = 0> <II = 1> <Delay = 2.15> <IPBlock> <Opcode : 'add' 'sub'> <InPorts = 3> <OutPorts = 1> <Sync> <CReg>
ST_16 : Operation 140 [1/1] (0.00ns)   --->   "%sext_ln1347 = sext i14 %rhs_1"   --->   Operation 140 'sext' 'sext_ln1347' <Predicate = true> <Delay = 0.00>
ST_16 : Operation 141 [1/1] (4.31ns) (root node of TernaryAdder)   --->   "%ret_V_34 = add i30 %ret_V_33, i30 %sext_ln1347"   --->   Operation 141 'add' 'ret_V_34' <Predicate = true> <Delay = 4.31> <CoreInst = "TAddSub">   --->   Core 10 'TAddSub' <Latency = 0> <II = 1> <Delay = 2.15> <IPBlock> <Opcode : 'add' 'sub'> <InPorts = 3> <OutPorts = 1> <Sync> <CReg>

State 17 <SV = 16> <Delay = 6.91>
ST_17 : Operation 142 [1/1] (0.00ns)   --->   "%sext_ln1270 = sext i30 %ret_V_34"   --->   Operation 142 'sext' 'sext_ln1270' <Predicate = true> <Delay = 0.00>
ST_17 : Operation 143 [1/1] (0.00ns)   --->   "%zext_ln1273 = zext i29 %Mx_V_1"   --->   Operation 143 'zext' 'zext_ln1273' <Predicate = true> <Delay = 0.00>
ST_17 : Operation 144 [2/2] (6.91ns)   --->   "%r_V_37 = mul i58 %sext_ln1270, i58 %zext_ln1273"   --->   Operation 144 'mul' 'r_V_37' <Predicate = true> <Delay = 6.91> <CoreInst = "Multiplier">   --->   Core 3 'Multiplier' <Latency = 1> <II = 1> <Delay = 6.91> <FuncUnit> <Opcode : 'mul'> <InPorts = 2> <OutPorts = 1>

State 18 <SV = 17> <Delay = 6.91>
ST_18 : Operation 145 [1/2] (6.91ns)   --->   "%r_V_37 = mul i58 %sext_ln1270, i58 %zext_ln1273"   --->   Operation 145 'mul' 'r_V_37' <Predicate = true> <Delay = 6.91> <CoreInst = "Multiplier">   --->   Core 3 'Multiplier' <Latency = 1> <II = 1> <Delay = 6.91> <FuncUnit> <Opcode : 'mul'> <InPorts = 2> <OutPorts = 1>
ST_18 : Operation 146 [1/1] (0.00ns)   --->   "%result_V = partselect i29 @_ssdm_op_PartSelect.i29.i58.i32.i32, i58 %r_V_37, i32 29, i32 57"   --->   Operation 146 'partselect' 'result_V' <Predicate = true> <Delay = 0.00>
ST_18 : Operation 147 [1/1] (0.00ns)   --->   "%tmp_13 = partselect i16 @_ssdm_op_PartSelect.i16.i58.i32.i32, i58 %r_V_37, i32 42, i32 57"   --->   Operation 147 'partselect' 'tmp_13' <Predicate = true> <Delay = 0.00>
ST_18 : Operation 148 [1/1] (0.00ns)   --->   "%tmp_14 = partselect i13 @_ssdm_op_PartSelect.i13.i58.i32.i32, i58 %r_V_37, i32 29, i32 41"   --->   Operation 148 'partselect' 'tmp_14' <Predicate = true> <Delay = 0.00>

State 19 <SV = 18> <Delay = 1.39>
ST_19 : Operation 149 [1/1] (0.00ns)   --->   "%p_Result_64 = bitconcatenate i32 @_ssdm_op_BitConcatenate.i32.i16.i16, i16 %tmp_13, i16 32768"   --->   Operation 149 'bitconcatenate' 'p_Result_64' <Predicate = true> <Delay = 0.00>
ST_19 : Operation 150 [1/1] (0.00ns)   --->   "%p_Result_65 = bitconcatenate i32 @_ssdm_op_BitConcatenate.i32.i13.i19, i13 %tmp_14, i19 262144"   --->   Operation 150 'bitconcatenate' 'p_Result_65' <Predicate = true> <Delay = 0.00>
ST_19 : Operation 151 [2/2] (1.39ns)   --->   "%call_ln804 = call void @sin_or_cos<float>_Pipeline_1, i32 %p_Result_65, i32 %p_Result_64, i32 %c_0_023_loc, i32 %c_1_022_loc"   --->   Operation 151 'call' 'call_ln804' <Predicate = true> <Delay = 1.39> <CoreType = "Generic">   --->   Core 0 '' <Latency = 0> <II = 1> <Delay = 1.00> <Generic> <Opcode : >

State 20 <SV = 19> <Delay = 2.54>
ST_20 : Operation 152 [1/2] (2.54ns)   --->   "%call_ln804 = call void @sin_or_cos<float>_Pipeline_1, i32 %p_Result_65, i32 %p_Result_64, i32 %c_0_023_loc, i32 %c_1_022_loc"   --->   Operation 152 'call' 'call_ln804' <Predicate = true> <Delay = 2.54> <CoreType = "Generic">   --->   Core 0 '' <Latency = 0> <II = 1> <Delay = 1.00> <Generic> <Opcode : >

State 21 <SV = 20> <Delay = 4.75>
ST_21 : Operation 153 [1/1] (0.00ns)   --->   "%c_0_023_loc_load = load i32 %c_0_023_loc"   --->   Operation 153 'load' 'c_0_023_loc_load' <Predicate = true> <Delay = 0.00>
ST_21 : Operation 154 [1/1] (0.00ns)   --->   "%c_1_022_loc_load = load i32 %c_1_022_loc"   --->   Operation 154 'load' 'c_1_022_loc_load' <Predicate = true> <Delay = 0.00>
ST_21 : Operation 155 [2/2] (4.75ns)   --->   "%targetBlock = call i1 @sin_or_cos<float>_Pipeline_2, i29 %result_V, i32 %c_1_022_loc_load, i32 %c_0_023_loc_load, i32 %shift_loc, i28 %in_shift_V_1_cast_loc, i32 %shift_1_loc, i28 %trunc_ln10_loc"   --->   Operation 155 'call' 'targetBlock' <Predicate = true> <Delay = 4.75> <CoreType = "Generic">   --->   Core 0 '' <Latency = 0> <II = 1> <Delay = 1.00> <Generic> <Opcode : >
ST_21 : Operation 156 [1/1] (2.46ns)   --->   "%icmp_ln1653 = icmp_eq  i29 %result_V, i29 0"   --->   Operation 156 'icmp' 'icmp_ln1653' <Predicate = true> <Delay = 2.46> <CoreInst = "Cmp">   --->   Core 9 'Cmp' <Latency = 0> <II = 1> <Delay = 2.46> <FuncUnit> <Opcode : 'icmp'> <InPorts = 2> <OutPorts = 1>

State 22 <SV = 21> <Delay = 5.11>
ST_22 : Operation 157 [1/2] (5.11ns)   --->   "%targetBlock = call i1 @sin_or_cos<float>_Pipeline_2, i29 %result_V, i32 %c_1_022_loc_load, i32 %c_0_023_loc_load, i32 %shift_loc, i28 %in_shift_V_1_cast_loc, i32 %shift_1_loc, i28 %trunc_ln10_loc"   --->   Operation 157 'call' 'targetBlock' <Predicate = true> <Delay = 5.11> <CoreType = "Generic">   --->   Core 0 '' <Latency = 0> <II = 1> <Delay = 1.00> <Generic> <Opcode : >

State 23 <SV = 22> <Delay = 7.12>
ST_23 : Operation 158 [1/1] (0.00ns)   --->   "%specmemcore_ln404 = specmemcore void @_ssdm_op_SpecMemCore, i100 %ref_4oPi_table_100_V, i64 666, i64 34, i64 18446744073709551615" [C:\scratch\2022.2.2\hls_product\139\2022.2.2\src\shared\hls\clib/hlsmath/include/FloatingPoint/hls_range_redux.h:404]   --->   Operation 158 'specmemcore' 'specmemcore_ln404' <Predicate = true> <Delay = 0.00>
ST_23 : Operation 159 [1/1] (0.00ns)   --->   "%specmemcore_ln16 = specmemcore void @_ssdm_op_SpecMemCore, i30 %second_order_float_sin_cos_K0_V, i64 666, i64 34, i64 18446744073709551615" [C:\scratch\2022.2.2\hls_product\139\2022.2.2\src\shared\hls\clib\hlsmath\src\common\hls_hotbm_float.cpp:16]   --->   Operation 159 'specmemcore' 'specmemcore_ln16' <Predicate = true> <Delay = 0.00>
ST_23 : Operation 160 [1/1] (0.00ns)   --->   "%specmemcore_ln17 = specmemcore void @_ssdm_op_SpecMemCore, i23 %second_order_float_sin_cos_K1_V, i64 666, i64 34, i64 18446744073709551615" [C:\scratch\2022.2.2\hls_product\139\2022.2.2\src\shared\hls\clib\hlsmath\src\common\hls_hotbm_float.cpp:17]   --->   Operation 160 'specmemcore' 'specmemcore_ln17' <Predicate = true> <Delay = 0.00>
ST_23 : Operation 161 [1/1] (0.00ns)   --->   "%specmemcore_ln18 = specmemcore void @_ssdm_op_SpecMemCore, i15 %second_order_float_sin_cos_K2_V, i64 666, i64 34, i64 18446744073709551615" [C:\scratch\2022.2.2\hls_product\139\2022.2.2\src\shared\hls\clib\hlsmath\src\common\hls_hotbm_float.cpp:18]   --->   Operation 161 'specmemcore' 'specmemcore_ln18' <Predicate = true> <Delay = 0.00>
ST_23 : Operation 162 [1/1] (0.00ns) (grouped into LUT with out node add_ln329)   --->   "%Ex_V_4 = select i1 %cos_basis, i8 0, i8 %Ex_V_3" [C:\scratch\2022.2.2\hls_product\139\2022.2.2\src\shared\hls\clib/hlsmath/include/FloatingPoint\hls_hotbm.h:272]   --->   Operation 162 'select' 'Ex_V_4' <Predicate = true> <Delay = 0.00> <CoreInst = "Sel">   --->   Core 73 'Sel' <Latency = 0> <II = 1> <Delay = 1.24> <FuncUnit> <Opcode : 'select'> <InPorts = 3> <OutPorts = 1>
ST_23 : Operation 163 [1/1] (0.00ns) (grouped into LUT with out node add_ln329)   --->   "%sext_ln186 = sext i8 %Ex_V_4"   --->   Operation 163 'sext' 'sext_ln186' <Predicate = true> <Delay = 0.00>
ST_23 : Operation 164 [1/1] (0.00ns)   --->   "%shift_loc_load = load i32 %shift_loc"   --->   Operation 164 'load' 'shift_loc_load' <Predicate = (targetBlock)> <Delay = 0.00>
ST_23 : Operation 165 [1/1] (0.00ns)   --->   "%in_shift_V_1_cast_loc_load = load i28 %in_shift_V_1_cast_loc"   --->   Operation 165 'load' 'in_shift_V_1_cast_loc_load' <Predicate = (targetBlock)> <Delay = 0.00>
ST_23 : Operation 166 [1/1] (0.00ns)   --->   "%shift_1_loc_load = load i32 %shift_1_loc"   --->   Operation 166 'load' 'shift_1_loc_load' <Predicate = (!targetBlock)> <Delay = 0.00>
ST_23 : Operation 167 [1/1] (0.00ns)   --->   "%trunc_ln10_loc_load = load i28 %trunc_ln10_loc"   --->   Operation 167 'load' 'trunc_ln10_loc_load' <Predicate = (!targetBlock)> <Delay = 0.00>
ST_23 : Operation 168 [1/1] (0.00ns) (grouped into LUT with out node newexp)   --->   "%select_ln318 = select i1 %targetBlock, i32 %shift_loc_load, i32 %shift_1_loc_load" [C:\scratch\2022.2.2\hls_product\139\2022.2.2\src\shared\hls\clib/src/hls\utils/x_hls_float_utils.h:318]   --->   Operation 168 'select' 'select_ln318' <Predicate = true> <Delay = 0.00> <CoreInst = "Sel">   --->   Core 73 'Sel' <Latency = 0> <II = 1> <Delay = 0.69> <FuncUnit> <Opcode : 'select'> <InPorts = 3> <OutPorts = 1>
ST_23 : Operation 169 [1/1] (1.91ns) (out node of the LUT)   --->   "%add_ln329 = add i9 %sext_ln186, i9 127" [C:\scratch\2022.2.2\hls_product\139\2022.2.2\src\shared\hls\clib/src/hls\utils/x_hls_float_utils.h:329]   --->   Operation 169 'add' 'add_ln329' <Predicate = true> <Delay = 1.91> <CoreInst = "Adder">   --->   Core 1 'Adder' <Latency = 0> <II = 1> <Delay = 1.91> <FuncUnit> <Opcode : 'add' 'sub'> <InPorts = 2> <OutPorts = 1>
ST_23 : Operation 170 [1/1] (0.00ns) (grouped into LUT with out node newexp)   --->   "%sext_ln329 = sext i9 %add_ln329" [C:\scratch\2022.2.2\hls_product\139\2022.2.2\src\shared\hls\clib/src/hls\utils/x_hls_float_utils.h:329]   --->   Operation 170 'sext' 'sext_ln329' <Predicate = true> <Delay = 0.00>
ST_23 : Operation 171 [1/1] (2.55ns) (out node of the LUT)   --->   "%newexp = sub i32 %sext_ln329, i32 %select_ln318" [C:\scratch\2022.2.2\hls_product\139\2022.2.2\src\shared\hls\clib/src/hls\utils/x_hls_float_utils.h:329]   --->   Operation 171 'sub' 'newexp' <Predicate = true> <Delay = 2.55> <CoreInst = "Adder">   --->   Core 1 'Adder' <Latency = 0> <II = 1> <Delay = 2.55> <FuncUnit> <Opcode : 'add' 'sub'> <InPorts = 2> <OutPorts = 1>
ST_23 : Operation 172 [1/1] (0.00ns)   --->   "%tmp_42 = bitselect i1 @_ssdm_op_BitSelect.i1.i32.i32, i32 %newexp, i32 31" [C:\scratch\2022.2.2\hls_product\139\2022.2.2\src\shared\hls\clib/src/hls\utils/x_hls_float_utils.h:335]   --->   Operation 172 'bitselect' 'tmp_42' <Predicate = true> <Delay = 0.00>
ST_23 : Operation 173 [1/1] (0.97ns)   --->   "%or_ln335 = or i1 %tmp_42, i1 %icmp_ln1653" [C:\scratch\2022.2.2\hls_product\139\2022.2.2\src\shared\hls\clib/src/hls\utils/x_hls_float_utils.h:335]   --->   Operation 173 'or' 'or_ln335' <Predicate = true> <Delay = 0.97> <CoreInst = "LogicGate">   --->   Core 74 'LogicGate' <Latency = 0> <II = 1> <Delay = 0.97> <FuncUnit> <Opcode : 'and' 'or' 'xor'> <InPorts = 2> <OutPorts = 1>
ST_23 : Operation 174 [1/1] (0.00ns) (grouped into LUT with out node select_ln300)   --->   "%tmp_43 = partselect i23 @_ssdm_op_PartSelect.i23.i28.i32.i32, i28 %in_shift_V_1_cast_loc_load, i32 5, i32 27"   --->   Operation 174 'partselect' 'tmp_43' <Predicate = (targetBlock)> <Delay = 0.00>
ST_23 : Operation 175 [1/1] (0.00ns) (grouped into LUT with out node select_ln300)   --->   "%tmp_44 = partselect i23 @_ssdm_op_PartSelect.i23.i28.i32.i32, i28 %trunc_ln10_loc_load, i32 5, i32 27"   --->   Operation 175 'partselect' 'tmp_44' <Predicate = (!targetBlock)> <Delay = 0.00>
ST_23 : Operation 176 [1/1] (0.00ns) (grouped into LUT with out node select_ln300)   --->   "%select_ln318_1 = select i1 %targetBlock, i23 %tmp_43, i23 %tmp_44" [C:\scratch\2022.2.2\hls_product\139\2022.2.2\src\shared\hls\clib/src/hls\utils/x_hls_float_utils.h:318]   --->   Operation 176 'select' 'select_ln318_1' <Predicate = true> <Delay = 0.00> <CoreInst = "Sel">   --->   Core 73 'Sel' <Latency = 0> <II = 1> <Delay = 0.69> <FuncUnit> <Opcode : 'select'> <InPorts = 3> <OutPorts = 1>
ST_23 : Operation 177 [1/1] (0.00ns) (grouped into LUT with out node results_exp_V)   --->   "%empty = trunc i32 %newexp" [C:\scratch\2022.2.2\hls_product\139\2022.2.2\src\shared\hls\clib/src/hls\utils/x_hls_float_utils.h:329]   --->   Operation 177 'trunc' 'empty' <Predicate = (!and_ln300)> <Delay = 0.00>
ST_23 : Operation 178 [1/1] (0.00ns) (grouped into LUT with out node results_exp_V)   --->   "%select_ln288 = select i1 %do_cos_read, i8 127, i8 0" [C:\scratch\2022.2.2\hls_product\139\2022.2.2\src\shared\hls\clib/hlsmath/include/FloatingPoint\hls_hotbm.h:288]   --->   Operation 178 'select' 'select_ln288' <Predicate = (and_ln300)> <Delay = 0.00> <CoreInst = "Sel">   --->   Core 73 'Sel' <Latency = 0> <II = 1> <Delay = 1.24> <FuncUnit> <Opcode : 'select'> <InPorts = 3> <OutPorts = 1>
ST_23 : Operation 179 [1/1] (0.00ns) (grouped into LUT with out node results_exp_V)   --->   "%select_ln311 = select i1 %icmp_ln1019_2, i8 255, i8 0" [C:\scratch\2022.2.2\hls_product\139\2022.2.2\src\shared\hls\clib/hlsmath/include/FloatingPoint\hls_hotbm.h:311]   --->   Operation 179 'select' 'select_ln311' <Predicate = (!and_ln300)> <Delay = 0.00> <CoreInst = "Sel">   --->   Core 73 'Sel' <Latency = 0> <II = 1> <Delay = 0.99> <FuncUnit> <Opcode : 'select'> <InPorts = 3> <OutPorts = 1>
ST_23 : Operation 180 [1/1] (0.00ns) (grouped into LUT with out node results_exp_V)   --->   "%or_ln311 = or i1 %icmp_ln1019_2, i1 %or_ln335" [C:\scratch\2022.2.2\hls_product\139\2022.2.2\src\shared\hls\clib/hlsmath/include/FloatingPoint\hls_hotbm.h:311]   --->   Operation 180 'or' 'or_ln311' <Predicate = (!and_ln300)> <Delay = 0.00> <CoreInst = "LogicGate">   --->   Core 74 'LogicGate' <Latency = 0> <II = 1> <Delay = 0.97> <FuncUnit> <Opcode : 'and' 'or' 'xor'> <InPorts = 2> <OutPorts = 1>
ST_23 : Operation 181 [1/1] (0.00ns) (grouped into LUT with out node results_exp_V)   --->   "%results_exp_V_1 = select i1 %or_ln311, i8 %select_ln311, i8 %empty" [C:\scratch\2022.2.2\hls_product\139\2022.2.2\src\shared\hls\clib/hlsmath/include/FloatingPoint\hls_hotbm.h:311]   --->   Operation 181 'select' 'results_exp_V_1' <Predicate = (!and_ln300)> <Delay = 0.00> <CoreInst = "Sel">   --->   Core 73 'Sel' <Latency = 0> <II = 1> <Delay = 1.24> <FuncUnit> <Opcode : 'select'> <InPorts = 3> <OutPorts = 1>
ST_23 : Operation 182 [1/1] (1.24ns) (out node of the LUT)   --->   "%results_exp_V = select i1 %and_ln300, i8 %select_ln288, i8 %results_exp_V_1" [C:\scratch\2022.2.2\hls_product\139\2022.2.2\src\shared\hls\clib/hlsmath/include/FloatingPoint\hls_hotbm.h:300]   --->   Operation 182 'select' 'results_exp_V' <Predicate = true> <Delay = 1.24> <CoreInst = "Sel">   --->   Core 73 'Sel' <Latency = 0> <II = 1> <Delay = 1.24> <FuncUnit> <Opcode : 'select'> <InPorts = 3> <OutPorts = 1>
ST_23 : Operation 183 [1/1] (0.00ns) (grouped into LUT with out node select_ln300_3)   --->   "%and_ln300_1 = and i1 %icmp_ln1019, i1 %icmp_ln1019_1" [C:\scratch\2022.2.2\hls_product\139\2022.2.2\src\shared\hls\clib/hlsmath/include/FloatingPoint\hls_hotbm.h:300]   --->   Operation 183 'and' 'and_ln300_1' <Predicate = true> <Delay = 0.00> <CoreInst = "LogicGate">   --->   Core 74 'LogicGate' <Latency = 0> <II = 1> <Delay = 0.97> <FuncUnit> <Opcode : 'and' 'or' 'xor'> <InPorts = 2> <OutPorts = 1>
ST_23 : Operation 184 [1/1] (0.00ns) (grouped into LUT with out node select_ln300_3)   --->   "%xor_ln300 = xor i1 %and_ln300_1, i1 1" [C:\scratch\2022.2.2\hls_product\139\2022.2.2\src\shared\hls\clib/hlsmath/include/FloatingPoint\hls_hotbm.h:300]   --->   Operation 184 'xor' 'xor_ln300' <Predicate = true> <Delay = 0.00> <CoreInst = "LogicGate">   --->   Core 74 'LogicGate' <Latency = 0> <II = 1> <Delay = 0.97> <FuncUnit> <Opcode : 'and' 'or' 'xor'> <InPorts = 2> <OutPorts = 1>
ST_23 : Operation 185 [1/1] (0.99ns) (out node of the LUT)   --->   "%select_ln300_3 = select i1 %xor_ln300, i23 8388607, i23 0" [C:\scratch\2022.2.2\hls_product\139\2022.2.2\src\shared\hls\clib/hlsmath/include/FloatingPoint\hls_hotbm.h:300]   --->   Operation 185 'select' 'select_ln300_3' <Predicate = true> <Delay = 0.99> <CoreInst = "Sel">   --->   Core 73 'Sel' <Latency = 0> <II = 1> <Delay = 0.99> <FuncUnit> <Opcode : 'select'> <InPorts = 3> <OutPorts = 1>
ST_23 : Operation 186 [1/1] (0.00ns) (grouped into LUT with out node results_sig_V)   --->   "%or_ln300 = or i1 %and_ln300, i1 %icmp_ln1019_2" [C:\scratch\2022.2.2\hls_product\139\2022.2.2\src\shared\hls\clib/hlsmath/include/FloatingPoint\hls_hotbm.h:300]   --->   Operation 186 'or' 'or_ln300' <Predicate = true> <Delay = 0.00> <CoreInst = "LogicGate">   --->   Core 74 'LogicGate' <Latency = 0> <II = 1> <Delay = 0.97> <FuncUnit> <Opcode : 'and' 'or' 'xor'> <InPorts = 2> <OutPorts = 1>
ST_23 : Operation 187 [1/1] (0.69ns) (out node of the LUT)   --->   "%select_ln300 = select i1 %or_ln335, i23 0, i23 %select_ln318_1" [C:\scratch\2022.2.2\hls_product\139\2022.2.2\src\shared\hls\clib/hlsmath/include/FloatingPoint\hls_hotbm.h:300]   --->   Operation 187 'select' 'select_ln300' <Predicate = true> <Delay = 0.69> <CoreInst = "Sel">   --->   Core 73 'Sel' <Latency = 0> <II = 1> <Delay = 0.69> <FuncUnit> <Opcode : 'select'> <InPorts = 3> <OutPorts = 1>
ST_23 : Operation 188 [1/1] (0.97ns) (out node of the LUT)   --->   "%results_sig_V = select i1 %or_ln300, i23 %select_ln300_3, i23 %select_ln300" [C:\scratch\2022.2.2\hls_product\139\2022.2.2\src\shared\hls\clib/hlsmath/include/FloatingPoint\hls_hotbm.h:300]   --->   Operation 188 'select' 'results_sig_V' <Predicate = true> <Delay = 0.97> <CoreInst = "Sel">   --->   Core 73 'Sel' <Latency = 0> <II = 1> <Delay = 0.69> <FuncUnit> <Opcode : 'select'> <InPorts = 3> <OutPorts = 1>
ST_23 : Operation 189 [1/1] (0.00ns)   --->   "%p_Result_67 = bitconcatenate i32 @_ssdm_op_BitConcatenate.i32.i1.i8.i23, i1 %results_sign_V_4, i8 %results_exp_V, i23 %results_sig_V"   --->   Operation 189 'bitconcatenate' 'p_Result_67' <Predicate = true> <Delay = 0.00>
ST_23 : Operation 190 [1/1] (0.00ns)   --->   "%bitcast_ln356 = bitcast i32 %p_Result_67" [C:\scratch\2022.2.2\hls_product\139\2022.2.2\src\shared\hls\clib/src/hls\utils/x_hls_utils.h:356]   --->   Operation 190 'bitcast' 'bitcast_ln356' <Predicate = true> <Delay = 0.00>
ST_23 : Operation 191 [1/1] (0.00ns)   --->   "%ret_ln316 = ret i32 %bitcast_ln356" [C:\scratch\2022.2.2\hls_product\139\2022.2.2\src\shared\hls\clib/hlsmath/include/FloatingPoint\hls_hotbm.h:316]   --->   Operation 191 'ret' 'ret_ln316' <Predicate = true> <Delay = 0.00>


============================================================
+ Verbose Summary: Timing violations
============================================================
Target clock period: 10ns, clock uncertainty: 2.7ns.

 <State 1>: 5.47ns
The critical path consists of the following:
	wire read operation ('t_in_read') on port 't_in' [8]  (0 ns)
	'add' operation ('add_ln214') [25]  (1.92 ns)
	'select' operation ('addr.V') [26]  (1.25 ns)
	'getelementptr' operation ('ref_4oPi_table_100_V_addr', C:\scratch\2022.2.2\hls_product\139\2022.2.2\src\shared\hls\clib/hlsmath/include/FloatingPoint/hls_range_redux.h:407) [29]  (0 ns)
	'load' operation ('table_100.V', C:\scratch\2022.2.2\hls_product\139\2022.2.2\src\shared\hls\clib/hlsmath/include/FloatingPoint/hls_range_redux.h:407) on array 'ref_4oPi_table_100_V' [30]  (2.3 ns)

 <State 2>: 7.07ns
The critical path consists of the following:
	'load' operation ('table_100.V', C:\scratch\2022.2.2\hls_product\139\2022.2.2\src\shared\hls\clib/hlsmath/include/FloatingPoint/hls_range_redux.h:407) on array 'ref_4oPi_table_100_V' [30]  (2.3 ns)
	'shl' operation ('r.V') [33]  (4.77 ns)

 <State 3>: 6.98ns
The critical path consists of the following:
	'mul' operation ('ret.V') [36]  (6.98 ns)

 <State 4>: 6.98ns
The critical path consists of the following:
	'mul' operation ('ret.V') [36]  (6.98 ns)

 <State 5>: 6.98ns
The critical path consists of the following:
	'mul' operation ('ret.V') [36]  (6.98 ns)

 <State 6>: 6.98ns
The critical path consists of the following:
	'mul' operation ('ret.V') [36]  (6.98 ns)

 <State 7>: 6.98ns
The critical path consists of the following:
	'mul' operation ('ret.V') [36]  (6.98 ns)

 <State 8>: 4.44ns
The critical path consists of the following:
	'sub' operation ('Mx_bits.V') [43]  (3.37 ns)
	'select' operation ('Mx_bits.V', C:\scratch\2022.2.2\hls_product\139\2022.2.2\src\shared\hls\clib/hlsmath/include/FloatingPoint/hls_range_redux.h:520) [44]  (1.08 ns)

 <State 9>: 6.71ns
The critical path consists of the following:
	'add' operation ('Ex.V') [20]  (1.92 ns)
	'select' operation ('select_ln482', C:\scratch\2022.2.2\hls_product\139\2022.2.2\src\shared\hls\clib/hlsmath/include/FloatingPoint/hls_range_redux.h:482) [21]  (0 ns)
	'sub' operation ('Ex.V') [56]  (1.92 ns)
	'sub' operation ('sub_ln1512') [59]  (1.92 ns)
	'select' operation ('ush') [60]  (0.968 ns)

 <State 10>: 6.49ns
The critical path consists of the following:
	'lshr' operation ('lshr_ln1488') [63]  (0 ns)
	'select' operation ('select_ln1513') [65]  (4.34 ns)
	'mul' operation of DSP[77] ('r.V') [77]  (2.15 ns)

 <State 11>: 2.15ns
The critical path consists of the following:
	'mul' operation of DSP[77] ('r.V') [77]  (2.15 ns)

 <State 12>: 6.6ns
The critical path consists of the following:
	'mux' operation ('tmp_s', C:\scratch\2022.2.2\hls_product\139\2022.2.2\src\shared\hls\clib/hlsmath/include/FloatingPoint\hls_hotbm.h:271) [67]  (2.3 ns)
	'xor' operation ('xor_ln271', C:\scratch\2022.2.2\hls_product\139\2022.2.2\src\shared\hls\clib/hlsmath/include/FloatingPoint\hls_hotbm.h:271) [68]  (0.978 ns)
	'select' operation ('sin_basis', C:\scratch\2022.2.2\hls_product\139\2022.2.2\src\shared\hls\clib\hlsmath\src\common\hls_hotbm_float.cpp:25) [80]  (0.993 ns)
	'getelementptr' operation ('second_order_float_sin_cos_K0_V_addr') [83]  (0 ns)
	'load' operation ('second_order_float_sin_cos_K0_V_load') on array 'second_order_float_sin_cos_K0_V' [84]  (2.32 ns)

 <State 13>: 4.47ns
The critical path consists of the following:
	'load' operation ('second_order_float_sin_cos_K2_V_load') on array 'second_order_float_sin_cos_K2_V' [93]  (2.32 ns)
	'mul' operation of DSP[95] ('r.V') [95]  (2.15 ns)

 <State 14>: 6.43ns
The critical path consists of the following:
	'mul' operation ('r.V') [90]  (6.43 ns)

 <State 15>: 2.15ns
The critical path consists of the following:
	'mul' operation of DSP[95] ('r.V') [95]  (2.15 ns)

 <State 16>: 4.31ns
The critical path consists of the following:
	'mul' operation of DSP[95] ('r.V') [95]  (0 ns)
	'add' operation ('ret.V') [101]  (4.31 ns)

 <State 17>: 6.91ns
The critical path consists of the following:
	'mul' operation ('r.V') [104]  (6.91 ns)

 <State 18>: 6.91ns
The critical path consists of the following:
	'mul' operation ('r.V') [104]  (6.91 ns)

 <State 19>: 1.4ns
The critical path consists of the following:
	'call' operation ('call_ln804') to 'sin_or_cos<float>_Pipeline_1' [110]  (1.4 ns)

 <State 20>: 2.55ns
The critical path consists of the following:
	'call' operation ('call_ln804') to 'sin_or_cos<float>_Pipeline_1' [110]  (2.55 ns)

 <State 21>: 4.76ns
The critical path consists of the following:
	'load' operation ('c_0_023_loc_load') on local variable 'c_0_023_loc' [111]  (0 ns)
	'call' operation ('targetBlock') to 'sin_or_cos<float>_Pipeline_2' [115]  (4.76 ns)

 <State 22>: 5.12ns
The critical path consists of the following:
	'call' operation ('targetBlock') to 'sin_or_cos<float>_Pipeline_2' [115]  (5.12 ns)

 <State 23>: 7.12ns
The critical path consists of the following:
	'select' operation ('Ex_V_4', C:\scratch\2022.2.2\hls_product\139\2022.2.2\src\shared\hls\clib/hlsmath/include/FloatingPoint\hls_hotbm.h:272) [113]  (0 ns)
	'add' operation ('add_ln329', C:\scratch\2022.2.2\hls_product\139\2022.2.2\src\shared\hls\clib/src/hls\utils/x_hls_float_utils.h:329) [121]  (1.92 ns)
	'sub' operation ('newexp', C:\scratch\2022.2.2\hls_product\139\2022.2.2\src\shared\hls\clib/src/hls\utils/x_hls_float_utils.h:329) [123]  (2.55 ns)
	'or' operation ('or_ln335', C:\scratch\2022.2.2\hls_product\139\2022.2.2\src\shared\hls\clib/src/hls\utils/x_hls_float_utils.h:335) [126]  (0.978 ns)
	'select' operation ('select_ln300', C:\scratch\2022.2.2\hls_product\139\2022.2.2\src\shared\hls\clib/hlsmath/include/FloatingPoint\hls_hotbm.h:300) [153]  (0.698 ns)
	'select' operation ('results.sig.V', C:\scratch\2022.2.2\hls_product\139\2022.2.2\src\shared\hls\clib/hlsmath/include/FloatingPoint\hls_hotbm.h:300) [154]  (0.978 ns)


============================================================
+ Verbose Summary: Binding
============================================================
N/A
* FSMD analyzer results:
  - Output states:
 - Input state : 
  - Chain level:
	State 1
	State 2
	State 3
	State 4
	State 5
	State 6
	State 7
	State 8
	State 9
	State 10
	State 11
	State 12
	State 13
	State 14
	State 15
	State 16
	State 17
	State 18
	State 19
	State 20
	State 21
	State 22
	State 23


============================================================
+ Verbose Summary: Datapath Resource usage 
============================================================
N/A
