E:\fpga\fpgacamp2023\threed_render\threed_render_hls\solution1\.autopilot\db\threed_render_hls.pp.0.cpp:1331:7: warning: Added loop label VITIS_LOOP_1211_1:   [xilinx-label-all-loops]
      for (i = 0; i < __N - 1; ++i) {
      ^~~
      VITIS_LOOP_1211_1: 
E:\fpga\fpgacamp2023\threed_render\threed_render_hls\solution1\.autopilot\db\threed_render_hls.pp.0.cpp:1331:7: note: FIX-IT applied suggested code changes
E:\fpga\fpgacamp2023\threed_render\threed_render_hls\solution1\.autopilot\db\threed_render_hls.pp.0.cpp:2305:5: warning: Added loop label VITIS_LOOP_676_1:   [xilinx-label-all-loops]
    for (unsigned i = low; i != high; ++i) {
    ^~~
    VITIS_LOOP_676_1: 
E:\fpga\fpgacamp2023\threed_render\threed_render_hls\solution1\.autopilot\db\threed_render_hls.pp.0.cpp:2305:5: note: FIX-IT applied suggested code changes
E:\fpga\fpgacamp2023\threed_render\threed_render_hls\solution1\.autopilot\db\threed_render_hls.pp.0.cpp:2319:5: warning: Added loop label VITIS_LOOP_690_1:   [xilinx-label-all-loops]
    for (unsigned i = low; i != high; ++i) {
    ^~~
    VITIS_LOOP_690_1: 
E:\fpga\fpgacamp2023\threed_render\threed_render_hls\solution1\.autopilot\db\threed_render_hls.pp.0.cpp:2319:5: note: FIX-IT applied suggested code changes
E:\fpga\fpgacamp2023\threed_render\threed_render_hls\solution1\.autopilot\db\threed_render_hls.pp.0.cpp:2333:5: warning: Added loop label VITIS_LOOP_704_1:   [xilinx-label-all-loops]
    for (unsigned i = low; i != high; ++i) {
    ^~~
    VITIS_LOOP_704_1: 
E:\fpga\fpgacamp2023\threed_render\threed_render_hls\solution1\.autopilot\db\threed_render_hls.pp.0.cpp:2333:5: note: FIX-IT applied suggested code changes
E:\fpga\fpgacamp2023\threed_render\threed_render_hls\solution1\.autopilot\db\threed_render_hls.pp.0.cpp:3932:7: warning: Added loop label VITIS_LOOP_1245_1:   [xilinx-label-all-loops]
      for (i = 0; i < __N - 1; ++i) {
      ^~~
      VITIS_LOOP_1245_1: 
E:\fpga\fpgacamp2023\threed_render\threed_render_hls\solution1\.autopilot\db\threed_render_hls.pp.0.cpp:3932:7: note: FIX-IT applied suggested code changes
E:\fpga\fpgacamp2023\threed_render\threed_render_hls\solution1\.autopilot\db\threed_render_hls.pp.0.cpp:12672:72: error: Invalid Directive: for current device, ROM_1P + LUTRAM is invalid combination for BIND_STORAGE's option 'type + impl' [clang-diagnostic-error]
#pragma HLS BIND_STORAGE variable=fourth_order_double::sin_cos_K0 type=ROM_1P impl=LUTRAM
                                                                       ^
E:\fpga\fpgacamp2023\threed_render\threed_render_hls\solution1\.autopilot\db\threed_render_hls.pp.0.cpp:12673:72: error: Invalid Directive: for current device, ROM_1P + LUTRAM is invalid combination for BIND_STORAGE's option 'type + impl' [clang-diagnostic-error]
#pragma HLS BIND_STORAGE variable=fourth_order_double::sin_cos_K1 type=ROM_1P impl=LUTRAM
                                                                       ^
E:\fpga\fpgacamp2023\threed_render\threed_render_hls\solution1\.autopilot\db\threed_render_hls.pp.0.cpp:12674:72: error: Invalid Directive: for current device, ROM_1P + LUTRAM is invalid combination for BIND_STORAGE's option 'type + impl' [clang-diagnostic-error]
#pragma HLS BIND_STORAGE variable=fourth_order_double::sin_cos_K2 type=ROM_1P impl=LUTRAM
                                                                       ^
E:\fpga\fpgacamp2023\threed_render\threed_render_hls\solution1\.autopilot\db\threed_render_hls.pp.0.cpp:12675:72: error: Invalid Directive: for current device, ROM_1P + LUTRAM is invalid combination for BIND_STORAGE's option 'type + impl' [clang-diagnostic-error]
#pragma HLS BIND_STORAGE variable=fourth_order_double::sin_cos_K3 type=ROM_1P impl=LUTRAM
                                                                       ^
E:\fpga\fpgacamp2023\threed_render\threed_render_hls\solution1\.autopilot\db\threed_render_hls.pp.0.cpp:12676:72: error: Invalid Directive: for current device, ROM_1P + LUTRAM is invalid combination for BIND_STORAGE's option 'type + impl' [clang-diagnostic-error]
#pragma HLS BIND_STORAGE variable=fourth_order_double::sin_cos_K4 type=ROM_1P impl=LUTRAM
                                                                       ^
E:\fpga\fpgacamp2023\threed_render\threed_render_hls\solution1\.autopilot\db\threed_render_hls.pp.0.cpp:12706:68: error: Invalid Directive: for current device, ROM_1P + LUTRAM is invalid combination for BIND_STORAGE's option 'type + impl' [clang-diagnostic-error]
#pragma HLS BIND_STORAGE variable=fourth_order_double::cos_K0 type=ROM_1P impl=LUTRAM
                                                                   ^
E:\fpga\fpgacamp2023\threed_render\threed_render_hls\solution1\.autopilot\db\threed_render_hls.pp.0.cpp:12707:68: error: Invalid Directive: for current device, ROM_1P + LUTRAM is invalid combination for BIND_STORAGE's option 'type + impl' [clang-diagnostic-error]
#pragma HLS BIND_STORAGE variable=fourth_order_double::cos_K1 type=ROM_1P impl=LUTRAM
                                                                   ^
E:\fpga\fpgacamp2023\threed_render\threed_render_hls\solution1\.autopilot\db\threed_render_hls.pp.0.cpp:12708:68: error: Invalid Directive: for current device, ROM_1P + LUTRAM is invalid combination for BIND_STORAGE's option 'type + impl' [clang-diagnostic-error]
#pragma HLS BIND_STORAGE variable=fourth_order_double::cos_K2 type=ROM_1P impl=LUTRAM
                                                                   ^
E:\fpga\fpgacamp2023\threed_render\threed_render_hls\solution1\.autopilot\db\threed_render_hls.pp.0.cpp:12709:68: error: Invalid Directive: for current device, ROM_1P + LUTRAM is invalid combination for BIND_STORAGE's option 'type + impl' [clang-diagnostic-error]
#pragma HLS BIND_STORAGE variable=fourth_order_double::cos_K3 type=ROM_1P impl=LUTRAM
                                                                   ^
E:\fpga\fpgacamp2023\threed_render\threed_render_hls\solution1\.autopilot\db\threed_render_hls.pp.0.cpp:12710:68: error: Invalid Directive: for current device, ROM_1P + LUTRAM is invalid combination for BIND_STORAGE's option 'type + impl' [clang-diagnostic-error]
#pragma HLS BIND_STORAGE variable=fourth_order_double::cos_K4 type=ROM_1P impl=LUTRAM
                                                                   ^
E:\fpga\fpgacamp2023\threed_render\threed_render_hls\solution1\.autopilot\db\threed_render_hls.pp.0.cpp:12711:68: error: Invalid Directive: for current device, ROM_1P + LUTRAM is invalid combination for BIND_STORAGE's option 'type + impl' [clang-diagnostic-error]
#pragma HLS BIND_STORAGE variable=fourth_order_double::sin_K0 type=ROM_1P impl=LUTRAM
                                                                   ^
E:\fpga\fpgacamp2023\threed_render\threed_render_hls\solution1\.autopilot\db\threed_render_hls.pp.0.cpp:12712:68: error: Invalid Directive: for current device, ROM_1P + LUTRAM is invalid combination for BIND_STORAGE's option 'type + impl' [clang-diagnostic-error]
#pragma HLS BIND_STORAGE variable=fourth_order_double::sin_K1 type=ROM_1P impl=LUTRAM
                                                                   ^
E:\fpga\fpgacamp2023\threed_render\threed_render_hls\solution1\.autopilot\db\threed_render_hls.pp.0.cpp:12713:68: error: Invalid Directive: for current device, ROM_1P + LUTRAM is invalid combination for BIND_STORAGE's option 'type + impl' [clang-diagnostic-error]
#pragma HLS BIND_STORAGE variable=fourth_order_double::sin_K2 type=ROM_1P impl=LUTRAM
                                                                   ^
E:\fpga\fpgacamp2023\threed_render\threed_render_hls\solution1\.autopilot\db\threed_render_hls.pp.0.cpp:12714:68: error: Invalid Directive: for current device, ROM_1P + LUTRAM is invalid combination for BIND_STORAGE's option 'type + impl' [clang-diagnostic-error]
#pragma HLS BIND_STORAGE variable=fourth_order_double::sin_K3 type=ROM_1P impl=LUTRAM
                                                                   ^
E:\fpga\fpgacamp2023\threed_render\threed_render_hls\solution1\.autopilot\db\threed_render_hls.pp.0.cpp:12715:68: error: Invalid Directive: for current device, ROM_1P + LUTRAM is invalid combination for BIND_STORAGE's option 'type + impl' [clang-diagnostic-error]
#pragma HLS BIND_STORAGE variable=fourth_order_double::sin_K4 type=ROM_1P impl=LUTRAM
                                                                   ^
E:\fpga\fpgacamp2023\threed_render\threed_render_hls\solution1\.autopilot\db\threed_render_hls.pp.0.cpp:12765:71: error: Invalid Directive: for current device, ROM_1P + LUTRAM is invalid combination for BIND_STORAGE's option 'type + impl' [clang-diagnostic-error]
#pragma HLS BIND_STORAGE variable=second_order_float::sin_cos_K0 type=ROM_1P impl=LUTRAM
                                                                      ^
E:\fpga\fpgacamp2023\threed_render\threed_render_hls\solution1\.autopilot\db\threed_render_hls.pp.0.cpp:12766:71: error: Invalid Directive: for current device, ROM_1P + LUTRAM is invalid combination for BIND_STORAGE's option 'type + impl' [clang-diagnostic-error]
#pragma HLS BIND_STORAGE variable=second_order_float::sin_cos_K1 type=ROM_1P impl=LUTRAM
                                                                      ^
E:\fpga\fpgacamp2023\threed_render\threed_render_hls\solution1\.autopilot\db\threed_render_hls.pp.0.cpp:12767:71: error: Invalid Directive: for current device, ROM_1P + LUTRAM is invalid combination for BIND_STORAGE's option 'type + impl' [clang-diagnostic-error]
#pragma HLS BIND_STORAGE variable=second_order_float::sin_cos_K2 type=ROM_1P impl=LUTRAM
                                                                      ^
E:\fpga\fpgacamp2023\threed_render\threed_render_hls\solution1\.autopilot\db\threed_render_hls.pp.0.cpp:12794:67: error: Invalid Directive: for current device, ROM_1P + LUTRAM is invalid combination for BIND_STORAGE's option 'type + impl' [clang-diagnostic-error]
#pragma HLS BIND_STORAGE variable=second_order_float::cos_K0 type=ROM_1P impl=LUTRAM
                                                                  ^
E:\fpga\fpgacamp2023\threed_render\threed_render_hls\solution1\.autopilot\db\threed_render_hls.pp.0.cpp:12795:67: error: Invalid Directive: for current device, ROM_1P + LUTRAM is invalid combination for BIND_STORAGE's option 'type + impl' [clang-diagnostic-error]
#pragma HLS BIND_STORAGE variable=second_order_float::cos_K1 type=ROM_1P impl=LUTRAM
                                                                  ^
E:\fpga\fpgacamp2023\threed_render\threed_render_hls\solution1\.autopilot\db\threed_render_hls.pp.0.cpp:12796:67: error: Invalid Directive: for current device, ROM_1P + LUTRAM is invalid combination for BIND_STORAGE's option 'type + impl' [clang-diagnostic-error]
#pragma HLS BIND_STORAGE variable=second_order_float::cos_K2 type=ROM_1P impl=LUTRAM
                                                                  ^
E:\fpga\fpgacamp2023\threed_render\threed_render_hls\solution1\.autopilot\db\threed_render_hls.pp.0.cpp:12797:67: error: Invalid Directive: for current device, ROM_1P + LUTRAM is invalid combination for BIND_STORAGE's option 'type + impl' [clang-diagnostic-error]
#pragma HLS BIND_STORAGE variable=second_order_float::sin_K0 type=ROM_1P impl=LUTRAM
                                                                  ^
E:\fpga\fpgacamp2023\threed_render\threed_render_hls\solution1\.autopilot\db\threed_render_hls.pp.0.cpp:12798:67: error: Invalid Directive: for current device, ROM_1P + LUTRAM is invalid combination for BIND_STORAGE's option 'type + impl' [clang-diagnostic-error]
#pragma HLS BIND_STORAGE variable=second_order_float::sin_K1 type=ROM_1P impl=LUTRAM
                                                                  ^
E:\fpga\fpgacamp2023\threed_render\threed_render_hls\solution1\.autopilot\db\threed_render_hls.pp.0.cpp:12799:67: error: Invalid Directive: for current device, ROM_1P + LUTRAM is invalid combination for BIND_STORAGE's option 'type + impl' [clang-diagnostic-error]
#pragma HLS BIND_STORAGE variable=second_order_float::sin_K2 type=ROM_1P impl=LUTRAM
                                                                  ^
E:\fpga\fpgacamp2023\threed_render\threed_render_hls\solution1\.autopilot\db\threed_render_hls.pp.0.cpp:12835:73: error: Invalid Directive: for current device, ROM_1P + LUTRAM is invalid combination for BIND_STORAGE's option 'type + impl' [clang-diagnostic-error]
#pragma HLS BIND_STORAGE variable=first_order_fixed_16::sin_cos_K0 type=ROM_1P impl=LUTRAM
                                                                        ^
E:\fpga\fpgacamp2023\threed_render\threed_render_hls\solution1\.autopilot\db\threed_render_hls.pp.0.cpp:12836:73: error: Invalid Directive: for current device, ROM_1P + LUTRAM is invalid combination for BIND_STORAGE's option 'type + impl' [clang-diagnostic-error]
#pragma HLS BIND_STORAGE variable=first_order_fixed_16::sin_cos_K1 type=ROM_1P impl=LUTRAM
                                                                        ^
E:\fpga\fpgacamp2023\threed_render\threed_render_hls\solution1\.autopilot\db\threed_render_hls.pp.0.cpp:13110:5: warning: Added loop label VITIS_LOOP_87_1:   [xilinx-label-all-loops]
    for (int n=0; n<Nmax; n++){
    ^~~
    VITIS_LOOP_87_1: 
E:\fpga\fpgacamp2023\threed_render\threed_render_hls\solution1\.autopilot\db\threed_render_hls.pp.0.cpp:13110:5: note: FIX-IT applied suggested code changes
E:\fpga\fpgacamp2023\threed_render\threed_render_hls\solution1\.autopilot\db\threed_render_hls.pp.0.cpp:13156:5: warning: Added loop label VITIS_LOOP_143_1:   [xilinx-label-all-loops]
    for (int n=0; n<Nmax; n++){
    ^~~
    VITIS_LOOP_143_1: 
E:\fpga\fpgacamp2023\threed_render\threed_render_hls\solution1\.autopilot\db\threed_render_hls.pp.0.cpp:13156:5: note: FIX-IT applied suggested code changes
E:\fpga\fpgacamp2023\threed_render\threed_render_hls\solution1\.autopilot\db\threed_render_hls.pp.0.cpp:13319:9: warning: Added loop label VITIS_LOOP_315_1:   [xilinx-label-all-loops]
        for(int i=0;i<W-1;i++){
        ^~~
        VITIS_LOOP_315_1: 
E:\fpga\fpgacamp2023\threed_render\threed_render_hls\solution1\.autopilot\db\threed_render_hls.pp.0.cpp:13319:9: note: FIX-IT applied suggested code changes
E:\fpga\fpgacamp2023\threed_render\threed_render_hls\solution1\.autopilot\db\threed_render_hls.pp.0.cpp:13471:9: warning: Added loop label VITIS_LOOP_475_1:   [xilinx-label-all-loops]
        for(int i=0;i<W-1;i++){
        ^~~
        VITIS_LOOP_475_1: 
E:\fpga\fpgacamp2023\threed_render\threed_render_hls\solution1\.autopilot\db\threed_render_hls.pp.0.cpp:13471:9: note: FIX-IT applied suggested code changes
E:\fpga\fpgacamp2023\threed_render\threed_render_hls\solution1\.autopilot\db\threed_render_hls.pp.0.cpp:13651:5: warning: Added loop label VITIS_LOOP_655_1:   [xilinx-label-all-loops]
    for(int i=0;i<W+1;i++){
    ^~~
    VITIS_LOOP_655_1: 
E:\fpga\fpgacamp2023\threed_render\threed_render_hls\solution1\.autopilot\db\threed_render_hls.pp.0.cpp:13651:5: note: FIX-IT applied suggested code changes
E:\fpga\fpgacamp2023\threed_render\threed_render_hls\solution1\.autopilot\db\threed_render_hls.pp.0.cpp:13655:5: warning: Added loop label VITIS_LOOP_659_2:   [xilinx-label-all-loops]
    for(int i=0;i<W+1;i++){
    ^~~
    VITIS_LOOP_659_2: 
E:\fpga\fpgacamp2023\threed_render\threed_render_hls\solution1\.autopilot\db\threed_render_hls.pp.0.cpp:13655:5: note: FIX-IT applied suggested code changes
E:\fpga\fpgacamp2023\threed_render\threed_render_hls\solution1\.autopilot\db\threed_render_hls.pp.0.cpp:13765:5: warning: Added loop label VITIS_LOOP_769_1:   [xilinx-label-all-loops]
    for (int n=0; n<Nmax; n++){
    ^~~
    VITIS_LOOP_769_1: 
E:\fpga\fpgacamp2023\threed_render\threed_render_hls\solution1\.autopilot\db\threed_render_hls.pp.0.cpp:13765:5: note: FIX-IT applied suggested code changes
E:\fpga\fpgacamp2023\threed_render\threed_render_hls\solution1\.autopilot\db\threed_render_hls.pp.0.cpp:13855:7: warning: Added loop label VITIS_LOOP_866_1:   [xilinx-label-all-loops]
      for(int i=0;i<W-1;i++){
      ^~~
      VITIS_LOOP_866_1: 
E:\fpga\fpgacamp2023\threed_render\threed_render_hls\solution1\.autopilot\db\threed_render_hls.pp.0.cpp:13855:7: note: FIX-IT applied suggested code changes
E:\fpga\fpgacamp2023\threed_render\threed_render_hls\solution1\.autopilot\db\threed_render_hls.pp.0.cpp:13874:7: warning: Added loop label VITIS_LOOP_885_2:   [xilinx-label-all-loops]
      for(int i=0;i<W-1;i++){
      ^~~
      VITIS_LOOP_885_2: 
E:\fpga\fpgacamp2023\threed_render\threed_render_hls\solution1\.autopilot\db\threed_render_hls.pp.0.cpp:13874:7: note: FIX-IT applied suggested code changes
E:\fpga\fpgacamp2023\threed_render\threed_render_hls\solution1\.autopilot\db\threed_render_hls.pp.0.cpp:14164:5: warning: Added loop label VITIS_LOOP_1199_1:   [xilinx-label-all-loops]
    for(int i=0; i<Nmax; i++) {
    ^~~
    VITIS_LOOP_1199_1: 
E:\fpga\fpgacamp2023\threed_render\threed_render_hls\solution1\.autopilot\db\threed_render_hls.pp.0.cpp:14164:5: note: FIX-IT applied suggested code changes
E:\fpga\fpgacamp2023\threed_render\threed_render_hls\solution1\.autopilot\db\threed_render_hls.pp.0.cpp:14247:5: warning: Added loop label VITIS_LOOP_1282_1:   [xilinx-label-all-loops]
    for(int i=0; i<Nmax; i++) {
    ^~~
    VITIS_LOOP_1282_1: 
E:\fpga\fpgacamp2023\threed_render\threed_render_hls\solution1\.autopilot\db\threed_render_hls.pp.0.cpp:14247:5: note: FIX-IT applied suggested code changes
E:\fpga\fpgacamp2023\threed_render\threed_render_hls\solution1\.autopilot\db\threed_render_hls.pp.0.cpp:14653:13: warning: Added loop label VITIS_LOOP_94_1:   [xilinx-label-all-loops]
            for (int j = 3; j >= I_+1; j--) {
            ^~~
            VITIS_LOOP_94_1: 
E:\fpga\fpgacamp2023\threed_render\threed_render_hls\solution1\.autopilot\db\threed_render_hls.pp.0.cpp:14653:13: note: FIX-IT applied suggested code changes
E:\fpga\fpgacamp2023\threed_render\threed_render_hls\solution1\.autopilot\db\threed_render_hls.pp.0.cpp:14659:17: warning: Added loop label VITIS_LOOP_100_2:   [xilinx-label-all-loops]
                for (int j = 3; j >= I_+1; j--){
                ^~~
                VITIS_LOOP_100_2: 
E:\fpga\fpgacamp2023\threed_render\threed_render_hls\solution1\.autopilot\db\threed_render_hls.pp.0.cpp:14659:17: note: FIX-IT applied suggested code changes
E:\fpga\fpgacamp2023\threed_render\threed_render_hls\solution1\.autopilot\db\threed_render_hls.pp.0.cpp:14663:17: warning: Added loop label VITIS_LOOP_104_3:   [xilinx-label-all-loops]
                for (int j = I_; j >= 0; j--){
                ^~~
                VITIS_LOOP_104_3: 
E:\fpga\fpgacamp2023\threed_render\threed_render_hls\solution1\.autopilot\db\threed_render_hls.pp.0.cpp:14663:17: note: FIX-IT applied suggested code changes
E:\fpga\fpgacamp2023\threed_render\threed_render_hls\solution1\.autopilot\db\threed_render_hls.pp.0.cpp:14711:13: warning: Added loop label VITIS_LOOP_171_4:   [xilinx-label-all-loops]
            for (int j = 9; j >= I_+4; j--) {
            ^~~
            VITIS_LOOP_171_4: 
E:\fpga\fpgacamp2023\threed_render\threed_render_hls\solution1\.autopilot\db\threed_render_hls.pp.0.cpp:14711:13: note: FIX-IT applied suggested code changes
E:\fpga\fpgacamp2023\threed_render\threed_render_hls\solution1\.autopilot\db\threed_render_hls.pp.0.cpp:14717:17: warning: Added loop label VITIS_LOOP_177_5:   [xilinx-label-all-loops]
                for (int j = 9; j >= I_+4; j--){
                ^~~
                VITIS_LOOP_177_5: 
E:\fpga\fpgacamp2023\threed_render\threed_render_hls\solution1\.autopilot\db\threed_render_hls.pp.0.cpp:14717:17: note: FIX-IT applied suggested code changes
E:\fpga\fpgacamp2023\threed_render\threed_render_hls\solution1\.autopilot\db\threed_render_hls.pp.0.cpp:14721:17: warning: Added loop label VITIS_LOOP_181_6:   [xilinx-label-all-loops]
                for (int j = I_+3; j >= 0; j--){
                ^~~
                VITIS_LOOP_181_6: 
E:\fpga\fpgacamp2023\threed_render\threed_render_hls\solution1\.autopilot\db\threed_render_hls.pp.0.cpp:14721:17: note: FIX-IT applied suggested code changes
E:\fpga\fpgacamp2023\threed_render\threed_render_hls\solution1\.autopilot\db\threed_render_hls.pp.0.cpp:14736:9: warning: Added loop label VITIS_LOOP_196_7:   [xilinx-label-all-loops]
        for (int j = 14; j < 22; j++){
        ^~~
        VITIS_LOOP_196_7: 
E:\fpga\fpgacamp2023\threed_render\threed_render_hls\solution1\.autopilot\db\threed_render_hls.pp.0.cpp:14736:9: note: FIX-IT applied suggested code changes
E:\fpga\fpgacamp2023\threed_render\threed_render_hls\solution1\.autopilot\db\threed_render_hls.pp.0.cpp:14744:17: warning: Added loop label VITIS_LOOP_204_8:   [xilinx-label-all-loops]
                for (int j = 0; j < 22; j++){
                ^~~
                VITIS_LOOP_204_8: 
E:\fpga\fpgacamp2023\threed_render\threed_render_hls\solution1\.autopilot\db\threed_render_hls.pp.0.cpp:14744:17: note: FIX-IT applied suggested code changes
E:\fpga\fpgacamp2023\threed_render\threed_render_hls\solution1\.autopilot\db\threed_render_hls.pp.0.cpp:14809:13: warning: Added loop label VITIS_LOOP_269_9:   [xilinx-label-all-loops]
            for (int j = 21; j >= I_+10; j--) {
            ^~~
            VITIS_LOOP_269_9: 
E:\fpga\fpgacamp2023\threed_render\threed_render_hls\solution1\.autopilot\db\threed_render_hls.pp.0.cpp:14809:13: note: FIX-IT applied suggested code changes
E:\fpga\fpgacamp2023\threed_render\threed_render_hls\solution1\.autopilot\db\threed_render_hls.pp.0.cpp:14815:17: warning: Added loop label VITIS_LOOP_275_10:   [xilinx-label-all-loops]
                for (int j = 21; j >= I_+10; j--) {
                ^~~
                VITIS_LOOP_275_10: 
E:\fpga\fpgacamp2023\threed_render\threed_render_hls\solution1\.autopilot\db\threed_render_hls.pp.0.cpp:14815:17: note: FIX-IT applied suggested code changes
E:\fpga\fpgacamp2023\threed_render\threed_render_hls\solution1\.autopilot\db\threed_render_hls.pp.0.cpp:14819:17: warning: Added loop label VITIS_LOOP_279_11:   [xilinx-label-all-loops]
                for (int j = I_+9; j >= 0; j--) {
                ^~~
                VITIS_LOOP_279_11: 
E:\fpga\fpgacamp2023\threed_render\threed_render_hls\solution1\.autopilot\db\threed_render_hls.pp.0.cpp:14819:17: note: FIX-IT applied suggested code changes
E:\fpga\fpgacamp2023\threed_render\threed_render_hls\solution1\.autopilot\db\threed_render_hls.pp.0.cpp:14834:9: warning: Added loop label VITIS_LOOP_294_12:   [xilinx-label-all-loops]
        for (int j = 27; j < 46; j++){
        ^~~
        VITIS_LOOP_294_12: 
E:\fpga\fpgacamp2023\threed_render\threed_render_hls\solution1\.autopilot\db\threed_render_hls.pp.0.cpp:14834:9: note: FIX-IT applied suggested code changes
E:\fpga\fpgacamp2023\threed_render\threed_render_hls\solution1\.autopilot\db\threed_render_hls.pp.0.cpp:14842:17: warning: Added loop label VITIS_LOOP_302_13:   [xilinx-label-all-loops]
                for (int j = 0; j < 46; j++) {
                ^~~
                VITIS_LOOP_302_13: 
E:\fpga\fpgacamp2023\threed_render\threed_render_hls\solution1\.autopilot\db\threed_render_hls.pp.0.cpp:14842:17: note: FIX-IT applied suggested code changes
E:\fpga\fpgacamp2023\threed_render\threed_render_hls\solution1\.autopilot\db\threed_render_hls.pp.0.cpp:15071:13: warning: Added loop label VITIS_LOOP_531_14:   [xilinx-label-all-loops]
            for (int j = 45; j >= I_+22; j--) {
            ^~~
            VITIS_LOOP_531_14: 
E:\fpga\fpgacamp2023\threed_render\threed_render_hls\solution1\.autopilot\db\threed_render_hls.pp.0.cpp:15071:13: note: FIX-IT applied suggested code changes
E:\fpga\fpgacamp2023\threed_render\threed_render_hls\solution1\.autopilot\db\threed_render_hls.pp.0.cpp:15077:17: warning: Added loop label VITIS_LOOP_537_15:   [xilinx-label-all-loops]
                for (int j = 45; j >= I_+22; j--){
                ^~~
                VITIS_LOOP_537_15: 
E:\fpga\fpgacamp2023\threed_render\threed_render_hls\solution1\.autopilot\db\threed_render_hls.pp.0.cpp:15077:17: note: FIX-IT applied suggested code changes
E:\fpga\fpgacamp2023\threed_render\threed_render_hls\solution1\.autopilot\db\threed_render_hls.pp.0.cpp:15081:17: warning: Added loop label VITIS_LOOP_541_16:   [xilinx-label-all-loops]
                for (int j = I_+21; j >= 0; j--) {
                ^~~
                VITIS_LOOP_541_16: 
E:\fpga\fpgacamp2023\threed_render\threed_render_hls\solution1\.autopilot\db\threed_render_hls.pp.0.cpp:15081:17: note: FIX-IT applied suggested code changes
E:\fpga\fpgacamp2023\threed_render\threed_render_hls\solution1\.autopilot\db\threed_render_hls.pp.0.cpp:15091:9: warning: Added loop label VITIS_LOOP_551_17:   [xilinx-label-all-loops]
        for (int j = 32-F_; j < 32+I_; j++){
        ^~~
        VITIS_LOOP_551_17: 
E:\fpga\fpgacamp2023\threed_render\threed_render_hls\solution1\.autopilot\db\threed_render_hls.pp.0.cpp:15091:9: note: FIX-IT applied suggested code changes
E:\fpga\fpgacamp2023\threed_render\threed_render_hls\solution1\.autopilot\db\threed_render_hls.pp.0.cpp:15095:9: warning: Added loop label VITIS_LOOP_555_18:   [xilinx-label-all-loops]
        for (int j = 32+I_; j <= 64; j++){
        ^~~
        VITIS_LOOP_555_18: 
E:\fpga\fpgacamp2023\threed_render\threed_render_hls\solution1\.autopilot\db\threed_render_hls.pp.0.cpp:15095:9: note: FIX-IT applied suggested code changes
E:\fpga\fpgacamp2023\threed_render\threed_render_hls\solution1\.autopilot\db\threed_render_hls.pp.0.cpp:15105:9: warning: Added loop label VITIS_LOOP_565_19:   [xilinx-label-all-loops]
        for (int j = 37; j < 64; j++) {
        ^~~
        VITIS_LOOP_565_19: 
E:\fpga\fpgacamp2023\threed_render\threed_render_hls\solution1\.autopilot\db\threed_render_hls.pp.0.cpp:15105:9: note: FIX-IT applied suggested code changes
E:\fpga\fpgacamp2023\threed_render\threed_render_hls\solution1\.autopilot\db\threed_render_hls.pp.0.cpp:15113:17: warning: Added loop label VITIS_LOOP_573_20:   [xilinx-label-all-loops]
                for (int j = 0; j < 64; j++){
                ^~~
                VITIS_LOOP_573_20: 
E:\fpga\fpgacamp2023\threed_render\threed_render_hls\solution1\.autopilot\db\threed_render_hls.pp.0.cpp:15113:17: note: FIX-IT applied suggested code changes
E:\fpga\fpgacamp2023\threed_render\threed_render_hls\solution1\.autopilot\db\threed_render_hls.pp.0.cpp:15474:13: warning: Added loop label VITIS_LOOP_934_21:   [xilinx-label-all-loops]
            for (int j = 63; j >= I_+31; j--) {
            ^~~
            VITIS_LOOP_934_21: 
E:\fpga\fpgacamp2023\threed_render\threed_render_hls\solution1\.autopilot\db\threed_render_hls.pp.0.cpp:15474:13: note: FIX-IT applied suggested code changes
E:\fpga\fpgacamp2023\threed_render\threed_render_hls\solution1\.autopilot\db\threed_render_hls.pp.0.cpp:15480:17: warning: Added loop label VITIS_LOOP_940_22:   [xilinx-label-all-loops]
                for (int j = 63; j >= I_+31; j--) {
                ^~~
                VITIS_LOOP_940_22: 
E:\fpga\fpgacamp2023\threed_render\threed_render_hls\solution1\.autopilot\db\threed_render_hls.pp.0.cpp:15480:17: note: FIX-IT applied suggested code changes
E:\fpga\fpgacamp2023\threed_render\threed_render_hls\solution1\.autopilot\db\threed_render_hls.pp.0.cpp:15484:17: warning: Added loop label VITIS_LOOP_944_23:   [xilinx-label-all-loops]
                for (int j = I_+30; j >= 0; j--) {
                ^~~
                VITIS_LOOP_944_23: 
E:\fpga\fpgacamp2023\threed_render\threed_render_hls\solution1\.autopilot\db\threed_render_hls.pp.0.cpp:15484:17: note: FIX-IT applied suggested code changes
E:\fpga\fpgacamp2023\threed_render\threed_render_hls\solution1\.autopilot\db\threed_render_hls.pp.0.cpp:15600:13: warning: Added loop label VITIS_LOOP_1060_1:   [xilinx-label-all-loops]
            for (int j = 4; j >= I_+1; j--) {
            ^~~
            VITIS_LOOP_1060_1: 
E:\fpga\fpgacamp2023\threed_render\threed_render_hls\solution1\.autopilot\db\threed_render_hls.pp.0.cpp:15600:13: note: FIX-IT applied suggested code changes
E:\fpga\fpgacamp2023\threed_render\threed_render_hls\solution1\.autopilot\db\threed_render_hls.pp.0.cpp:15606:17: warning: Added loop label VITIS_LOOP_1066_2:   [xilinx-label-all-loops]
                for (int j = 4; j >= I_+1; j--) {
                ^~~
                VITIS_LOOP_1066_2: 
E:\fpga\fpgacamp2023\threed_render\threed_render_hls\solution1\.autopilot\db\threed_render_hls.pp.0.cpp:15606:17: note: FIX-IT applied suggested code changes
E:\fpga\fpgacamp2023\threed_render\threed_render_hls\solution1\.autopilot\db\threed_render_hls.pp.0.cpp:15610:17: warning: Added loop label VITIS_LOOP_1070_3:   [xilinx-label-all-loops]
                for (int j = I_; j >= 0; j--) {
                ^~~
                VITIS_LOOP_1070_3: 
E:\fpga\fpgacamp2023\threed_render\threed_render_hls\solution1\.autopilot\db\threed_render_hls.pp.0.cpp:15610:17: note: FIX-IT applied suggested code changes
E:\fpga\fpgacamp2023\threed_render\threed_render_hls\solution1\.autopilot\db\threed_render_hls.pp.0.cpp:15697:13: warning: Added loop label VITIS_LOOP_1157_4:   [xilinx-label-all-loops]
            for (int j = 10; j >= I_+4; j--) {
            ^~~
            VITIS_LOOP_1157_4: 
E:\fpga\fpgacamp2023\threed_render\threed_render_hls\solution1\.autopilot\db\threed_render_hls.pp.0.cpp:15697:13: note: FIX-IT applied suggested code changes
E:\fpga\fpgacamp2023\threed_render\threed_render_hls\solution1\.autopilot\db\threed_render_hls.pp.0.cpp:15703:17: warning: Added loop label VITIS_LOOP_1163_5:   [xilinx-label-all-loops]
                for (int j = 10; j >= I_+4; j--) {
                ^~~
                VITIS_LOOP_1163_5: 
E:\fpga\fpgacamp2023\threed_render\threed_render_hls\solution1\.autopilot\db\threed_render_hls.pp.0.cpp:15703:17: note: FIX-IT applied suggested code changes
E:\fpga\fpgacamp2023\threed_render\threed_render_hls\solution1\.autopilot\db\threed_render_hls.pp.0.cpp:15707:17: warning: Added loop label VITIS_LOOP_1167_6:   [xilinx-label-all-loops]
                for (int j = I_+3; j >= 0; j--) {
                ^~~
                VITIS_LOOP_1167_6: 
E:\fpga\fpgacamp2023\threed_render\threed_render_hls\solution1\.autopilot\db\threed_render_hls.pp.0.cpp:15707:17: note: FIX-IT applied suggested code changes
E:\fpga\fpgacamp2023\threed_render\threed_render_hls\solution1\.autopilot\db\threed_render_hls.pp.0.cpp:15726:9: warning: Added loop label VITIS_LOOP_1186_7:   [xilinx-label-all-loops]
        for (int j = wf+3; j < w-1; j++) {
        ^~~
        VITIS_LOOP_1186_7: 
E:\fpga\fpgacamp2023\threed_render\threed_render_hls\solution1\.autopilot\db\threed_render_hls.pp.0.cpp:15726:9: note: FIX-IT applied suggested code changes
E:\fpga\fpgacamp2023\threed_render\threed_render_hls\solution1\.autopilot\db\threed_render_hls.pp.0.cpp:15733:17: warning: Added loop label VITIS_LOOP_1193_8:   [xilinx-label-all-loops]
                for (int j = 0; j < 22; j++) {
                ^~~
                VITIS_LOOP_1193_8: 
E:\fpga\fpgacamp2023\threed_render\threed_render_hls\solution1\.autopilot\db\threed_render_hls.pp.0.cpp:15733:17: note: FIX-IT applied suggested code changes
E:\fpga\fpgacamp2023\threed_render\threed_render_hls\solution1\.autopilot\db\threed_render_hls.pp.0.cpp:15849:13: warning: Added loop label VITIS_LOOP_1309_9:   [xilinx-label-all-loops]
            for (int j = 22; j >= I_+10; j--) {
            ^~~
            VITIS_LOOP_1309_9: 
E:\fpga\fpgacamp2023\threed_render\threed_render_hls\solution1\.autopilot\db\threed_render_hls.pp.0.cpp:15849:13: note: FIX-IT applied suggested code changes
E:\fpga\fpgacamp2023\threed_render\threed_render_hls\solution1\.autopilot\db\threed_render_hls.pp.0.cpp:15855:17: warning: Added loop label VITIS_LOOP_1315_10:   [xilinx-label-all-loops]
                for (int j = 22; j >= I_+10; j--){
                ^~~
                VITIS_LOOP_1315_10: 
E:\fpga\fpgacamp2023\threed_render\threed_render_hls\solution1\.autopilot\db\threed_render_hls.pp.0.cpp:15855:17: note: FIX-IT applied suggested code changes
E:\fpga\fpgacamp2023\threed_render\threed_render_hls\solution1\.autopilot\db\threed_render_hls.pp.0.cpp:15859:17: warning: Added loop label VITIS_LOOP_1319_11:   [xilinx-label-all-loops]
                for (int j = I_+9; j >= 0; j--) {
                ^~~
                VITIS_LOOP_1319_11: 
E:\fpga\fpgacamp2023\threed_render\threed_render_hls\solution1\.autopilot\db\threed_render_hls.pp.0.cpp:15859:17: note: FIX-IT applied suggested code changes
E:\fpga\fpgacamp2023\threed_render\threed_render_hls\solution1\.autopilot\db\threed_render_hls.pp.0.cpp:15879:9: warning: Added loop label VITIS_LOOP_1339_12:   [xilinx-label-all-loops]
        for (int j = wf+4; j < w-1; j++){
        ^~~
        VITIS_LOOP_1339_12: 
E:\fpga\fpgacamp2023\threed_render\threed_render_hls\solution1\.autopilot\db\threed_render_hls.pp.0.cpp:15879:9: note: FIX-IT applied suggested code changes
E:\fpga\fpgacamp2023\threed_render\threed_render_hls\solution1\.autopilot\db\threed_render_hls.pp.0.cpp:15886:17: warning: Added loop label VITIS_LOOP_1346_13:   [xilinx-label-all-loops]
                for (int j = 0; j < 46; j++) {
                ^~~
                VITIS_LOOP_1346_13: 
E:\fpga\fpgacamp2023\threed_render\threed_render_hls\solution1\.autopilot\db\threed_render_hls.pp.0.cpp:15886:17: note: FIX-IT applied suggested code changes
E:\fpga\fpgacamp2023\threed_render\threed_render_hls\solution1\.autopilot\db\threed_render_hls.pp.0.cpp:16148:13: warning: Added loop label VITIS_LOOP_1608_14:   [xilinx-label-all-loops]
            for (int j = 46; j >= I_+22; j--) {
            ^~~
            VITIS_LOOP_1608_14: 
E:\fpga\fpgacamp2023\threed_render\threed_render_hls\solution1\.autopilot\db\threed_render_hls.pp.0.cpp:16148:13: note: FIX-IT applied suggested code changes
E:\fpga\fpgacamp2023\threed_render\threed_render_hls\solution1\.autopilot\db\threed_render_hls.pp.0.cpp:16154:17: warning: Added loop label VITIS_LOOP_1614_15:   [xilinx-label-all-loops]
                for (int j = 46; j >= I_+22; j--) {
                ^~~
                VITIS_LOOP_1614_15: 
E:\fpga\fpgacamp2023\threed_render\threed_render_hls\solution1\.autopilot\db\threed_render_hls.pp.0.cpp:16154:17: note: FIX-IT applied suggested code changes
E:\fpga\fpgacamp2023\threed_render\threed_render_hls\solution1\.autopilot\db\threed_render_hls.pp.0.cpp:16158:17: warning: Added loop label VITIS_LOOP_1618_16:   [xilinx-label-all-loops]
                for (int j = I_+21; j >= 0; j--) {
                ^~~
                VITIS_LOOP_1618_16: 
E:\fpga\fpgacamp2023\threed_render\threed_render_hls\solution1\.autopilot\db\threed_render_hls.pp.0.cpp:16158:17: note: FIX-IT applied suggested code changes
E:\fpga\fpgacamp2023\threed_render\threed_render_hls\solution1\.autopilot\db\threed_render_hls.pp.0.cpp:16182:9: warning: Added loop label VITIS_LOOP_1642_17:   [xilinx-label-all-loops]
        for (int j = wf+5; j < w-1; j++){
        ^~~
        VITIS_LOOP_1642_17: 
E:\fpga\fpgacamp2023\threed_render\threed_render_hls\solution1\.autopilot\db\threed_render_hls.pp.0.cpp:16182:9: note: FIX-IT applied suggested code changes
E:\fpga\fpgacamp2023\threed_render\threed_render_hls\solution1\.autopilot\db\threed_render_hls.pp.0.cpp:16189:17: warning: Added loop label VITIS_LOOP_1649_18:   [xilinx-label-all-loops]
                for (int j = 0; j < 64; j++) {
                ^~~
                VITIS_LOOP_1649_18: 
E:\fpga\fpgacamp2023\threed_render\threed_render_hls\solution1\.autopilot\db\threed_render_hls.pp.0.cpp:16189:17: note: FIX-IT applied suggested code changes
E:\fpga\fpgacamp2023\threed_render\threed_render_hls\solution1\.autopilot\db\threed_render_hls.pp.0.cpp:16619:13: warning: Added loop label VITIS_LOOP_2079_19:   [xilinx-label-all-loops]
            for (int j = 64; j >= I_+31; j--) {
            ^~~
            VITIS_LOOP_2079_19: 
E:\fpga\fpgacamp2023\threed_render\threed_render_hls\solution1\.autopilot\db\threed_render_hls.pp.0.cpp:16619:13: note: FIX-IT applied suggested code changes
E:\fpga\fpgacamp2023\threed_render\threed_render_hls\solution1\.autopilot\db\threed_render_hls.pp.0.cpp:16625:17: warning: Added loop label VITIS_LOOP_2085_20:   [xilinx-label-all-loops]
                for (int j = 64; j >= I_+31; j--) {
                ^~~
                VITIS_LOOP_2085_20: 
E:\fpga\fpgacamp2023\threed_render\threed_render_hls\solution1\.autopilot\db\threed_render_hls.pp.0.cpp:16625:17: note: FIX-IT applied suggested code changes
E:\fpga\fpgacamp2023\threed_render\threed_render_hls\solution1\.autopilot\db\threed_render_hls.pp.0.cpp:16629:17: warning: Added loop label VITIS_LOOP_2089_21:   [xilinx-label-all-loops]
                for (int j = I_+30; j >= 0; j--) {
                ^~~
                VITIS_LOOP_2089_21: 
E:\fpga\fpgacamp2023\threed_render\threed_render_hls\solution1\.autopilot\db\threed_render_hls.pp.0.cpp:16629:17: note: FIX-IT applied suggested code changes
E:\fpga\fpgacamp2023\threed_render\threed_render_hls\solution1\.autopilot\db\threed_render_hls.pp.0.cpp:16759:13: warning: Added loop label VITIS_LOOP_2219_1:   [xilinx-label-all-loops]
            for(int j=3; j>=I+1; j--) {
            ^~~
            VITIS_LOOP_2219_1: 
E:\fpga\fpgacamp2023\threed_render\threed_render_hls\solution1\.autopilot\db\threed_render_hls.pp.0.cpp:16759:13: note: FIX-IT applied suggested code changes
E:\fpga\fpgacamp2023\threed_render\threed_render_hls\solution1\.autopilot\db\threed_render_hls.pp.0.cpp:16766:17: warning: Added loop label VITIS_LOOP_2226_2:   [xilinx-label-all-loops]
                for(int j=3; j>=I+1; j--) {
                ^~~
                VITIS_LOOP_2226_2: 
E:\fpga\fpgacamp2023\threed_render\threed_render_hls\solution1\.autopilot\db\threed_render_hls.pp.0.cpp:16766:17: note: FIX-IT applied suggested code changes
E:\fpga\fpgacamp2023\threed_render\threed_render_hls\solution1\.autopilot\db\threed_render_hls.pp.0.cpp:16770:17: warning: Added loop label VITIS_LOOP_2230_3:   [xilinx-label-all-loops]
                for(int j=I; j>=0; j--) {
                ^~~
                VITIS_LOOP_2230_3: 
E:\fpga\fpgacamp2023\threed_render\threed_render_hls\solution1\.autopilot\db\threed_render_hls.pp.0.cpp:16770:17: note: FIX-IT applied suggested code changes
E:\fpga\fpgacamp2023\threed_render\threed_render_hls\solution1\.autopilot\db\threed_render_hls.pp.0.cpp:16817:13: warning: Added loop label VITIS_LOOP_2277_4:   [xilinx-label-all-loops]
            for(int j=7; j>=3+I; j--) {
            ^~~
            VITIS_LOOP_2277_4: 
E:\fpga\fpgacamp2023\threed_render\threed_render_hls\solution1\.autopilot\db\threed_render_hls.pp.0.cpp:16817:13: note: FIX-IT applied suggested code changes
E:\fpga\fpgacamp2023\threed_render\threed_render_hls\solution1\.autopilot\db\threed_render_hls.pp.0.cpp:16824:17: warning: Added loop label VITIS_LOOP_2284_5:   [xilinx-label-all-loops]
                for(int j=7; j>=3+I; j--) {
                ^~~
                VITIS_LOOP_2284_5: 
E:\fpga\fpgacamp2023\threed_render\threed_render_hls\solution1\.autopilot\db\threed_render_hls.pp.0.cpp:16824:17: note: FIX-IT applied suggested code changes
E:\fpga\fpgacamp2023\threed_render\threed_render_hls\solution1\.autopilot\db\threed_render_hls.pp.0.cpp:16828:17: warning: Added loop label VITIS_LOOP_2288_6:   [xilinx-label-all-loops]
                for(int j=I+2; j>=0; j--) {
                ^~~
                VITIS_LOOP_2288_6: 
E:\fpga\fpgacamp2023\threed_render\threed_render_hls\solution1\.autopilot\db\threed_render_hls.pp.0.cpp:16828:17: note: FIX-IT applied suggested code changes
E:\fpga\fpgacamp2023\threed_render\threed_render_hls\solution1\.autopilot\db\threed_render_hls.pp.0.cpp:16846:9: warning: Added loop label VITIS_LOOP_2306_7:   [xilinx-label-all-loops]
        for(int j=11; j<16; j++) {
        ^~~
        VITIS_LOOP_2306_7: 
E:\fpga\fpgacamp2023\threed_render\threed_render_hls\solution1\.autopilot\db\threed_render_hls.pp.0.cpp:16846:9: note: FIX-IT applied suggested code changes
E:\fpga\fpgacamp2023\threed_render\threed_render_hls\solution1\.autopilot\db\threed_render_hls.pp.0.cpp:16901:13: warning: Added loop label VITIS_LOOP_2361_8:   [xilinx-label-all-loops]
            for(int j=15; j>=7+I; j--) {
            ^~~
            VITIS_LOOP_2361_8: 
E:\fpga\fpgacamp2023\threed_render\threed_render_hls\solution1\.autopilot\db\threed_render_hls.pp.0.cpp:16901:13: note: FIX-IT applied suggested code changes
E:\fpga\fpgacamp2023\threed_render\threed_render_hls\solution1\.autopilot\db\threed_render_hls.pp.0.cpp:16908:17: warning: Added loop label VITIS_LOOP_2368_9:   [xilinx-label-all-loops]
                for(int j=15; j>=7+I; j--) {
                ^~~
                VITIS_LOOP_2368_9: 
E:\fpga\fpgacamp2023\threed_render\threed_render_hls\solution1\.autopilot\db\threed_render_hls.pp.0.cpp:16908:17: note: FIX-IT applied suggested code changes
E:\fpga\fpgacamp2023\threed_render\threed_render_hls\solution1\.autopilot\db\threed_render_hls.pp.0.cpp:16912:17: warning: Added loop label VITIS_LOOP_2372_10:   [xilinx-label-all-loops]
                for(int j=6+I; j>=0; j--) {
                ^~~
                VITIS_LOOP_2372_10: 
E:\fpga\fpgacamp2023\threed_render\threed_render_hls\solution1\.autopilot\db\threed_render_hls.pp.0.cpp:16912:17: note: FIX-IT applied suggested code changes
E:\fpga\fpgacamp2023\threed_render\threed_render_hls\solution1\.autopilot\db\threed_render_hls.pp.0.cpp:16930:9: warning: Added loop label VITIS_LOOP_2390_11:   [xilinx-label-all-loops]
        for(int j=20; j<32; j++) {
        ^~~
        VITIS_LOOP_2390_11: 
E:\fpga\fpgacamp2023\threed_render\threed_render_hls\solution1\.autopilot\db\threed_render_hls.pp.0.cpp:16930:9: note: FIX-IT applied suggested code changes
E:\fpga\fpgacamp2023\threed_render\threed_render_hls\solution1\.autopilot\db\threed_render_hls.pp.0.cpp:17019:13: warning: Added loop label VITIS_LOOP_2479_12:   [xilinx-label-all-loops]
            for(int j=31; j>=I+15; j--) {
            ^~~
            VITIS_LOOP_2479_12: 
E:\fpga\fpgacamp2023\threed_render\threed_render_hls\solution1\.autopilot\db\threed_render_hls.pp.0.cpp:17019:13: note: FIX-IT applied suggested code changes
E:\fpga\fpgacamp2023\threed_render\threed_render_hls\solution1\.autopilot\db\threed_render_hls.pp.0.cpp:17026:17: warning: Added loop label VITIS_LOOP_2486_13:   [xilinx-label-all-loops]
                for(int j=31; j>=I+15; j--) {
                ^~~
                VITIS_LOOP_2486_13: 
E:\fpga\fpgacamp2023\threed_render\threed_render_hls\solution1\.autopilot\db\threed_render_hls.pp.0.cpp:17026:17: note: FIX-IT applied suggested code changes
E:\fpga\fpgacamp2023\threed_render\threed_render_hls\solution1\.autopilot\db\threed_render_hls.pp.0.cpp:17030:17: warning: Added loop label VITIS_LOOP_2490_14:   [xilinx-label-all-loops]
                for(int j=I+14; j>=0; j--) {
                ^~~
                VITIS_LOOP_2490_14: 
E:\fpga\fpgacamp2023\threed_render\threed_render_hls\solution1\.autopilot\db\threed_render_hls.pp.0.cpp:17030:17: note: FIX-IT applied suggested code changes
E:\fpga\fpgacamp2023\threed_render\threed_render_hls\solution1\.autopilot\db\threed_render_hls.pp.0.cpp:17040:9: warning: Added loop label VITIS_LOOP_2500_15:   [xilinx-label-all-loops]
        for(int j=32-F; j<32+I; j++) {
        ^~~
        VITIS_LOOP_2500_15: 
E:\fpga\fpgacamp2023\threed_render\threed_render_hls\solution1\.autopilot\db\threed_render_hls.pp.0.cpp:17040:9: note: FIX-IT applied suggested code changes
E:\fpga\fpgacamp2023\threed_render\threed_render_hls\solution1\.autopilot\db\threed_render_hls.pp.0.cpp:17044:9: warning: Added loop label VITIS_LOOP_2504_16:   [xilinx-label-all-loops]
        for(int j=32+I; j<=64; j++) {
        ^~~
        VITIS_LOOP_2504_16: 
E:\fpga\fpgacamp2023\threed_render\threed_render_hls\solution1\.autopilot\db\threed_render_hls.pp.0.cpp:17044:9: note: FIX-IT applied suggested code changes
E:\fpga\fpgacamp2023\threed_render\threed_render_hls\solution1\.autopilot\db\threed_render_hls.pp.0.cpp:17055:9: warning: Added loop label VITIS_LOOP_2515_17:   [xilinx-label-all-loops]
        for(int j=37; j<64; j++) {
        ^~~
        VITIS_LOOP_2515_17: 
E:\fpga\fpgacamp2023\threed_render\threed_render_hls\solution1\.autopilot\db\threed_render_hls.pp.0.cpp:17055:9: note: FIX-IT applied suggested code changes
E:\fpga\fpgacamp2023\threed_render\threed_render_hls\solution1\.autopilot\db\threed_render_hls.pp.0.cpp:17063:17: warning: Added loop label VITIS_LOOP_2523_18:   [xilinx-label-all-loops]
                for(int j=0; j<64; j++) {
                ^~~
                VITIS_LOOP_2523_18: 
E:\fpga\fpgacamp2023\threed_render\threed_render_hls\solution1\.autopilot\db\threed_render_hls.pp.0.cpp:17063:17: note: FIX-IT applied suggested code changes
E:\fpga\fpgacamp2023\threed_render\threed_render_hls\solution1\.autopilot\db\threed_render_hls.pp.0.cpp:17388:13: warning: Added loop label VITIS_LOOP_2848_19:   [xilinx-label-all-loops]
            for(int j=63; j>=I+31; j--) {
            ^~~
            VITIS_LOOP_2848_19: 
E:\fpga\fpgacamp2023\threed_render\threed_render_hls\solution1\.autopilot\db\threed_render_hls.pp.0.cpp:17388:13: note: FIX-IT applied suggested code changes
E:\fpga\fpgacamp2023\threed_render\threed_render_hls\solution1\.autopilot\db\threed_render_hls.pp.0.cpp:17395:17: warning: Added loop label VITIS_LOOP_2855_20:   [xilinx-label-all-loops]
                for(int j=63; j>=I+31; j--) {
                ^~~
                VITIS_LOOP_2855_20: 
E:\fpga\fpgacamp2023\threed_render\threed_render_hls\solution1\.autopilot\db\threed_render_hls.pp.0.cpp:17395:17: note: FIX-IT applied suggested code changes
E:\fpga\fpgacamp2023\threed_render\threed_render_hls\solution1\.autopilot\db\threed_render_hls.pp.0.cpp:17399:17: warning: Added loop label VITIS_LOOP_2859_21:   [xilinx-label-all-loops]
                for(int j=I+30; j>=0; j--) {
                ^~~
                VITIS_LOOP_2859_21: 
E:\fpga\fpgacamp2023\threed_render\threed_render_hls\solution1\.autopilot\db\threed_render_hls.pp.0.cpp:17399:17: note: FIX-IT applied suggested code changes
E:\fpga\fpgacamp2023\threed_render\threed_render_hls\solution1\.autopilot\db\threed_render_hls.pp.0.cpp:17487:4: warning: Added loop label VITIS_LOOP_2947_1:   [xilinx-label-all-loops]
   for(int j = 5; j>=I_+2; j--) {
   ^~~
   VITIS_LOOP_2947_1: 
E:\fpga\fpgacamp2023\threed_render\threed_render_hls\solution1\.autopilot\db\threed_render_hls.pp.0.cpp:17487:4: note: FIX-IT applied suggested code changes
E:\fpga\fpgacamp2023\threed_render\threed_render_hls\solution1\.autopilot\db\threed_render_hls.pp.0.cpp:17494:5: warning: Added loop label VITIS_LOOP_2954_2:   [xilinx-label-all-loops]
    for(int j = 5; j>=I_+2; j--) {
    ^~~
    VITIS_LOOP_2954_2: 
E:\fpga\fpgacamp2023\threed_render\threed_render_hls\solution1\.autopilot\db\threed_render_hls.pp.0.cpp:17494:5: note: FIX-IT applied suggested code changes
E:\fpga\fpgacamp2023\threed_render\threed_render_hls\solution1\.autopilot\db\threed_render_hls.pp.0.cpp:17498:5: warning: Added loop label VITIS_LOOP_2958_3:   [xilinx-label-all-loops]
    for(int j = I_+1; j>=0; j--) {
    ^~~
    VITIS_LOOP_2958_3: 
E:\fpga\fpgacamp2023\threed_render\threed_render_hls\solution1\.autopilot\db\threed_render_hls.pp.0.cpp:17498:5: note: FIX-IT applied suggested code changes
E:\fpga\fpgacamp2023\threed_render\threed_render_hls\solution1\.autopilot\db\threed_render_hls.pp.0.cpp:17513:3: warning: Added loop label VITIS_LOOP_2973_4:   [xilinx-label-all-loops]
  for(int j = 11; j >=7; j--) {
  ^~~
  VITIS_LOOP_2973_4: 
E:\fpga\fpgacamp2023\threed_render\threed_render_hls\solution1\.autopilot\db\threed_render_hls.pp.0.cpp:17513:3: note: FIX-IT applied suggested code changes
E:\fpga\fpgacamp2023\threed_render\threed_render_hls\solution1\.autopilot\db\threed_render_hls.pp.0.cpp:17545:4: warning: Added loop label VITIS_LOOP_3005_5:   [xilinx-label-all-loops]
   for(int j = 11; j >= I_+5; j--) {
   ^~~
   VITIS_LOOP_3005_5: 
E:\fpga\fpgacamp2023\threed_render\threed_render_hls\solution1\.autopilot\db\threed_render_hls.pp.0.cpp:17545:4: note: FIX-IT applied suggested code changes
E:\fpga\fpgacamp2023\threed_render\threed_render_hls\solution1\.autopilot\db\threed_render_hls.pp.0.cpp:17552:5: warning: Added loop label VITIS_LOOP_3012_6:   [xilinx-label-all-loops]
    for(int j = 11; j>= I_+5; j--) {
    ^~~
    VITIS_LOOP_3012_6: 
E:\fpga\fpgacamp2023\threed_render\threed_render_hls\solution1\.autopilot\db\threed_render_hls.pp.0.cpp:17552:5: note: FIX-IT applied suggested code changes
E:\fpga\fpgacamp2023\threed_render\threed_render_hls\solution1\.autopilot\db\threed_render_hls.pp.0.cpp:17556:5: warning: Added loop label VITIS_LOOP_3016_7:   [xilinx-label-all-loops]
    for(int j = I_+4; j>=0; j--) {
    ^~~
    VITIS_LOOP_3016_7: 
E:\fpga\fpgacamp2023\threed_render\threed_render_hls\solution1\.autopilot\db\threed_render_hls.pp.0.cpp:17556:5: note: FIX-IT applied suggested code changes
E:\fpga\fpgacamp2023\threed_render\threed_render_hls\solution1\.autopilot\db\threed_render_hls.pp.0.cpp:17571:3: warning: Added loop label VITIS_LOOP_3031_8:   [xilinx-label-all-loops]
  for(int j = 25; j>=15; j--) {
  ^~~
  VITIS_LOOP_3031_8: 
E:\fpga\fpgacamp2023\threed_render\threed_render_hls\solution1\.autopilot\db\threed_render_hls.pp.0.cpp:17571:3: note: FIX-IT applied suggested code changes
E:\fpga\fpgacamp2023\threed_render\threed_render_hls\solution1\.autopilot\db\threed_render_hls.pp.0.cpp:17621:4: warning: Added loop label VITIS_LOOP_3081_9:   [xilinx-label-all-loops]
   for(int j = 25; j>= I_+12; j--) {
   ^~~
   VITIS_LOOP_3081_9: 
E:\fpga\fpgacamp2023\threed_render\threed_render_hls\solution1\.autopilot\db\threed_render_hls.pp.0.cpp:17621:4: note: FIX-IT applied suggested code changes
E:\fpga\fpgacamp2023\threed_render\threed_render_hls\solution1\.autopilot\db\threed_render_hls.pp.0.cpp:17628:5: warning: Added loop label VITIS_LOOP_3088_10:   [xilinx-label-all-loops]
    for(int j = 25; j>=I_+12; j--) {
    ^~~
    VITIS_LOOP_3088_10: 
E:\fpga\fpgacamp2023\threed_render\threed_render_hls\solution1\.autopilot\db\threed_render_hls.pp.0.cpp:17628:5: note: FIX-IT applied suggested code changes
E:\fpga\fpgacamp2023\threed_render\threed_render_hls\solution1\.autopilot\db\threed_render_hls.pp.0.cpp:17632:5: warning: Added loop label VITIS_LOOP_3092_11:   [xilinx-label-all-loops]
    for(int j = I_+11; j>=0; j--) {
    ^~~
    VITIS_LOOP_3092_11: 
E:\fpga\fpgacamp2023\threed_render\threed_render_hls\solution1\.autopilot\db\threed_render_hls.pp.0.cpp:17632:5: note: FIX-IT applied suggested code changes
E:\fpga\fpgacamp2023\threed_render\threed_render_hls\solution1\.autopilot\db\threed_render_hls.pp.0.cpp:17647:3: warning: Added loop label VITIS_LOOP_3107_12:   [xilinx-label-all-loops]
  for(int j = 51; j >= 29; j--) {
  ^~~
  VITIS_LOOP_3107_12: 
E:\fpga\fpgacamp2023\threed_render\threed_render_hls\solution1\.autopilot\db\threed_render_hls.pp.0.cpp:17647:3: note: FIX-IT applied suggested code changes
E:\fpga\fpgacamp2023\threed_render\threed_render_hls\solution1\.autopilot\db\threed_render_hls.pp.0.cpp:17784:4: warning: Added loop label VITIS_LOOP_3244_13:   [xilinx-label-all-loops]
   for(int j = 51; j >= 25 + I_; j--) {
   ^~~
   VITIS_LOOP_3244_13: 
E:\fpga\fpgacamp2023\threed_render\threed_render_hls\solution1\.autopilot\db\threed_render_hls.pp.0.cpp:17784:4: note: FIX-IT applied suggested code changes
E:\fpga\fpgacamp2023\threed_render\threed_render_hls\solution1\.autopilot\db\threed_render_hls.pp.0.cpp:17791:5: warning: Added loop label VITIS_LOOP_3251_14:   [xilinx-label-all-loops]
    for(int j = 51; j>=25 + I_; j--) {
    ^~~
    VITIS_LOOP_3251_14: 
E:\fpga\fpgacamp2023\threed_render\threed_render_hls\solution1\.autopilot\db\threed_render_hls.pp.0.cpp:17791:5: note: FIX-IT applied suggested code changes
E:\fpga\fpgacamp2023\threed_render\threed_render_hls\solution1\.autopilot\db\threed_render_hls.pp.0.cpp:17795:5: warning: Added loop label VITIS_LOOP_3255_15:   [xilinx-label-all-loops]
    for(int j = 24 + I_; j >= 0; j--) {
    ^~~
    VITIS_LOOP_3255_15: 
E:\fpga\fpgacamp2023\threed_render\threed_render_hls\solution1\.autopilot\db\threed_render_hls.pp.0.cpp:17795:5: note: FIX-IT applied suggested code changes
E:\fpga\fpgacamp2023\threed_render\threed_render_hls\solution1\.autopilot\db\threed_render_hls.pp.0.cpp:17810:3: warning: Added loop label VITIS_LOOP_3270_16:   [xilinx-label-all-loops]
  for(int j = 63; j >= 36; j--) {
  ^~~
  VITIS_LOOP_3270_16: 
E:\fpga\fpgacamp2023\threed_render\threed_render_hls\solution1\.autopilot\db\threed_render_hls.pp.0.cpp:17810:3: note: FIX-IT applied suggested code changes
E:\fpga\fpgacamp2023\threed_render\threed_render_hls\solution1\.autopilot\db\threed_render_hls.pp.0.cpp:17970:4: warning: Added loop label VITIS_LOOP_3430_17:   [xilinx-label-all-loops]
   for(int j = 63; j >= 31 + I_; j--) {
   ^~~
   VITIS_LOOP_3430_17: 
E:\fpga\fpgacamp2023\threed_render\threed_render_hls\solution1\.autopilot\db\threed_render_hls.pp.0.cpp:17970:4: note: FIX-IT applied suggested code changes
E:\fpga\fpgacamp2023\threed_render\threed_render_hls\solution1\.autopilot\db\threed_render_hls.pp.0.cpp:17977:5: warning: Added loop label VITIS_LOOP_3437_18:   [xilinx-label-all-loops]
    for(int j = 63; j >= 31 + I_; j--) {
    ^~~
    VITIS_LOOP_3437_18: 
E:\fpga\fpgacamp2023\threed_render\threed_render_hls\solution1\.autopilot\db\threed_render_hls.pp.0.cpp:17977:5: note: FIX-IT applied suggested code changes
E:\fpga\fpgacamp2023\threed_render\threed_render_hls\solution1\.autopilot\db\threed_render_hls.pp.0.cpp:17981:5: warning: Added loop label VITIS_LOOP_3441_19:   [xilinx-label-all-loops]
    for(int j = 30 + I_; j >= 0; j--) {
    ^~~
    VITIS_LOOP_3441_19: 
E:\fpga\fpgacamp2023\threed_render\threed_render_hls\solution1\.autopilot\db\threed_render_hls.pp.0.cpp:17981:5: note: FIX-IT applied suggested code changes
E:\fpga\fpgacamp2023\threed_render\threed_render_hls\solution1\.autopilot\db\threed_render_hls.pp.0.cpp:18696:13: warning: Added loop label VITIS_LOOP_729_1:   [xilinx-label-all-loops]
            for (b_exp = I_-1; b_exp >= -F_; b_exp--) {
            ^~~
            VITIS_LOOP_729_1: 
E:\fpga\fpgacamp2023\threed_render\threed_render_hls\solution1\.autopilot\db\threed_render_hls.pp.0.cpp:18696:13: note: FIX-IT applied suggested code changes
E:\fpga\fpgacamp2023\threed_render\threed_render_hls\solution1\.autopilot\db\threed_render_hls.pp.0.cpp:18914:13: warning: Added loop label VITIS_LOOP_947_1:   [xilinx-label-all-loops]
            for (b_exp = I_-1; b_exp >= -F_; b_exp--) {
            ^~~
            VITIS_LOOP_947_1: 
E:\fpga\fpgacamp2023\threed_render\threed_render_hls\solution1\.autopilot\db\threed_render_hls.pp.0.cpp:18914:13: note: FIX-IT applied suggested code changes
E:\fpga\fpgacamp2023\threed_render\threed_render_hls\solution1\.autopilot\db\threed_render_hls.pp.0.cpp:19331:13: warning: Added loop label VITIS_LOOP_1371_1:   [xilinx-label-all-loops]
            for (b_exp = I_-1; b_exp >= -F_; b_exp--) {
            ^~~
            VITIS_LOOP_1371_1: 
E:\fpga\fpgacamp2023\threed_render\threed_render_hls\solution1\.autopilot\db\threed_render_hls.pp.0.cpp:19331:13: note: FIX-IT applied suggested code changes
E:\fpga\fpgacamp2023\threed_render\threed_render_hls\solution1\.autopilot\db\threed_render_hls.pp.0.cpp:19645:9: warning: Added loop label VITIS_LOOP_266_1:   [xilinx-label-all-loops]
        for ( int pos = msbr-1; pos >= 0; pos-- ) {
        ^~~
        VITIS_LOOP_266_1: 
E:\fpga\fpgacamp2023\threed_render\threed_render_hls\solution1\.autopilot\db\threed_render_hls.pp.0.cpp:19645:9: note: FIX-IT applied suggested code changes
E:\fpga\fpgacamp2023\threed_render\threed_render_hls\solution1\.autopilot\db\threed_render_hls.pp.0.cpp:19673:9: warning: Added loop label VITIS_LOOP_294_2:   [xilinx-label-all-loops]
        for ( int pos = -1; pos >= -F_-1; pos-- ) {
        ^~~
        VITIS_LOOP_294_2: 
E:\fpga\fpgacamp2023\threed_render\threed_render_hls\solution1\.autopilot\db\threed_render_hls.pp.0.cpp:19673:9: note: FIX-IT applied suggested code changes
E:\fpga\fpgacamp2023\threed_render\threed_render_hls\solution1\.autopilot\db\threed_render_hls.pp.0.cpp:20368:13: warning: Added loop label VITIS_LOOP_74_1:   [xilinx-label-all-loops]
            for (int j = 0; j < W_-1; j++){
            ^~~
            VITIS_LOOP_74_1: 
E:\fpga\fpgacamp2023\threed_render\threed_render_hls\solution1\.autopilot\db\threed_render_hls.pp.0.cpp:20368:13: note: FIX-IT applied suggested code changes
E:\fpga\fpgacamp2023\threed_render\threed_render_hls\solution1\.autopilot\db\threed_render_hls.pp.0.cpp:20421:5: warning: Added loop label VITIS_LOOP_135_2:   [xilinx-label-all-loops]
    for (int j = F_l+F_+I_m-1; j < F_l+W_+5; j++){
    ^~~
    VITIS_LOOP_135_2: 
E:\fpga\fpgacamp2023\threed_render\threed_render_hls\solution1\.autopilot\db\threed_render_hls.pp.0.cpp:20421:5: note: FIX-IT applied suggested code changes
E:\fpga\fpgacamp2023\threed_render\threed_render_hls\solution1\.autopilot\db\threed_render_hls.pp.0.cpp:20435:13: warning: Added loop label VITIS_LOOP_149_3:   [xilinx-label-all-loops]
            for (int j = WO_m-1; j >= W_-1; j--) {
            ^~~
            VITIS_LOOP_149_3: 
E:\fpga\fpgacamp2023\threed_render\threed_render_hls\solution1\.autopilot\db\threed_render_hls.pp.0.cpp:20435:13: note: FIX-IT applied suggested code changes
E:\fpga\fpgacamp2023\threed_render\threed_render_hls\solution1\.autopilot\db\threed_render_hls.pp.0.cpp:20465:13: warning: Added loop label VITIS_LOOP_179_4:   [xilinx-label-all-loops]
            for (int j = W_-2; j >= 0; j--){
            ^~~
            VITIS_LOOP_179_4: 
E:\fpga\fpgacamp2023\threed_render\threed_render_hls\solution1\.autopilot\db\threed_render_hls.pp.0.cpp:20465:13: note: FIX-IT applied suggested code changes
E:\fpga\fpgacamp2023\threed_render\threed_render_hls\solution1\.autopilot\db\threed_render_hls.pp.0.cpp:20550:12: warning: Added loop label VITIS_LOOP_307_1:   [xilinx-label-all-loops]
           for(int i = wf_log+we_log-2; i > WI_e - 2; --i) {
           ^~~
           VITIS_LOOP_307_1: 
E:\fpga\fpgacamp2023\threed_render\threed_render_hls\solution1\.autopilot\db\threed_render_hls.pp.0.cpp:20550:12: note: FIX-IT applied suggested code changes
E:\fpga\fpgacamp2023\threed_render\threed_render_hls\solution1\.autopilot\db\threed_render_hls.pp.0.cpp:20570:16: warning: Added loop label VITIS_LOOP_327_2:   [xilinx-label-all-loops]
               for (int j = WO_e-1; j >= W_-1; j--) {
               ^~~
               VITIS_LOOP_327_2: 
E:\fpga\fpgacamp2023\threed_render\threed_render_hls\solution1\.autopilot\db\threed_render_hls.pp.0.cpp:20570:16: note: FIX-IT applied suggested code changes
E:\fpga\fpgacamp2023\threed_render\threed_render_hls\solution1\.autopilot\db\threed_render_hls.pp.0.cpp:20584:20: warning: Added loop label VITIS_LOOP_341_3:   [xilinx-label-all-loops]
                   for(int i = 0; i < W_-1; ++i) {
                   ^~~
                   VITIS_LOOP_341_3: 
E:\fpga\fpgacamp2023\threed_render\threed_render_hls\solution1\.autopilot\db\threed_render_hls.pp.0.cpp:20584:20: note: FIX-IT applied suggested code changes
E:\fpga\fpgacamp2023\threed_render\threed_render_hls\solution1\.autopilot\db\threed_render_hls.pp.0.cpp:20677:12: warning: Added loop label VITIS_LOOP_459_1:   [xilinx-label-all-loops]
           for (int j =WO_d-1; j >= W_-1; j--) {
           ^~~
           VITIS_LOOP_459_1: 
E:\fpga\fpgacamp2023\threed_render\threed_render_hls\solution1\.autopilot\db\threed_render_hls.pp.0.cpp:20677:12: note: FIX-IT applied suggested code changes
E:\fpga\fpgacamp2023\threed_render\threed_render_hls\solution1\.autopilot\db\threed_render_hls.pp.0.cpp:20691:15: warning: Added loop label VITIS_LOOP_473_2:   [xilinx-label-all-loops]
              for(int i = 0; i < W_-1; ++i) {
              ^~~
              VITIS_LOOP_473_2: 
E:\fpga\fpgacamp2023\threed_render\threed_render_hls\solution1\.autopilot\db\threed_render_hls.pp.0.cpp:20691:15: note: FIX-IT applied suggested code changes
E:\fpga\fpgacamp2023\threed_render\threed_render_hls\solution1\.autopilot\db\threed_render_hls.pp.0.cpp:20804:13: warning: Added loop label VITIS_LOOP_59_1:   [xilinx-label-all-loops]
            for (int i = 0; i < W_-1; i++){
            ^~~
            VITIS_LOOP_59_1: 
E:\fpga\fpgacamp2023\threed_render\threed_render_hls\solution1\.autopilot\db\threed_render_hls.pp.0.cpp:20804:13: note: FIX-IT applied suggested code changes
E:\fpga\fpgacamp2023\threed_render\threed_render_hls\solution1\.autopilot\db\threed_render_hls.pp.0.cpp:20928:13: warning: Added loop label VITIS_LOOP_209_1:   [xilinx-label-all-loops]
            for (int i = 0; i < W_-1; i++){
            ^~~
            VITIS_LOOP_209_1: 
E:\fpga\fpgacamp2023\threed_render\threed_render_hls\solution1\.autopilot\db\threed_render_hls.pp.0.cpp:20928:13: note: FIX-IT applied suggested code changes
E:\fpga\fpgacamp2023\threed_render\threed_render_hls\solution1\.autopilot\db\threed_render_hls.pp.0.cpp:20983:13: warning: Added loop label VITIS_LOOP_274_1:   [xilinx-label-all-loops]
            for (int i = 0; i < W_-1; i++){
            ^~~
            VITIS_LOOP_274_1: 
E:\fpga\fpgacamp2023\threed_render\threed_render_hls\solution1\.autopilot\db\threed_render_hls.pp.0.cpp:20983:13: note: FIX-IT applied suggested code changes
E:\fpga\fpgacamp2023\threed_render\threed_render_hls\solution1\.autopilot\db\threed_render_hls.pp.0.cpp:21488:2: warning: Added loop label VITIS_LOOP_42_1:   [xilinx-label-all-loops]
 for (int i=0; i<W_;i++)
 ^~~
 VITIS_LOOP_42_1: 
E:\fpga\fpgacamp2023\threed_render\threed_render_hls\solution1\.autopilot\db\threed_render_hls.pp.0.cpp:21488:2: note: FIX-IT applied suggested code changes
E:\fpga\fpgacamp2023\threed_render\threed_render_hls\solution1\.autopilot\db\threed_render_hls.pp.0.cpp:21499:2: warning: Added loop label VITIS_LOOP_53_1:   [xilinx-label-all-loops]
 for (int i=0; i<W_;i++)
 ^~~
 VITIS_LOOP_53_1: 
E:\fpga\fpgacamp2023\threed_render\threed_render_hls\solution1\.autopilot\db\threed_render_hls.pp.0.cpp:21499:2: note: FIX-IT applied suggested code changes
E:\fpga\fpgacamp2023\threed_render\threed_render_hls\solution1\.autopilot\db\threed_render_hls.pp.0.cpp:21510:2: warning: Added loop label VITIS_LOOP_64_1:   [xilinx-label-all-loops]
 for (int i=0; i<I_;i++)
 ^~~
 VITIS_LOOP_64_1: 
E:\fpga\fpgacamp2023\threed_render\threed_render_hls\solution1\.autopilot\db\threed_render_hls.pp.0.cpp:21510:2: note: FIX-IT applied suggested code changes
E:\fpga\fpgacamp2023\threed_render\threed_render_hls\solution1\.autopilot\db\threed_render_hls.pp.0.cpp:21521:2: warning: Added loop label VITIS_LOOP_75_1:   [xilinx-label-all-loops]
 for (int i=0; i<I_;i++)
 ^~~
 VITIS_LOOP_75_1: 
E:\fpga\fpgacamp2023\threed_render\threed_render_hls\solution1\.autopilot\db\threed_render_hls.pp.0.cpp:21521:2: note: FIX-IT applied suggested code changes
E:\fpga\fpgacamp2023\threed_render\threed_render_hls\solution1\.autopilot\db\threed_render_hls.pp.0.cpp:21532:2: warning: Added loop label VITIS_LOOP_86_1:   [xilinx-label-all-loops]
 for (int i=0; i<W_;i++)
 ^~~
 VITIS_LOOP_86_1: 
E:\fpga\fpgacamp2023\threed_render\threed_render_hls\solution1\.autopilot\db\threed_render_hls.pp.0.cpp:21532:2: note: FIX-IT applied suggested code changes
E:\fpga\fpgacamp2023\threed_render\threed_render_hls\solution1\.autopilot\db\threed_render_hls.pp.0.cpp:21543:2: warning: Added loop label VITIS_LOOP_97_1:   [xilinx-label-all-loops]
 for (int i=0; i<W_;i++)
 ^~~
 VITIS_LOOP_97_1: 
E:\fpga\fpgacamp2023\threed_render\threed_render_hls\solution1\.autopilot\db\threed_render_hls.pp.0.cpp:21543:2: note: FIX-IT applied suggested code changes
E:\fpga\fpgacamp2023\threed_render\threed_render_hls\solution1\.autopilot\db\threed_render_hls.pp.0.cpp:21554:2: warning: Added loop label VITIS_LOOP_108_1:   [xilinx-label-all-loops]
 for (int i=0; i<I_;i++)
 ^~~
 VITIS_LOOP_108_1: 
E:\fpga\fpgacamp2023\threed_render\threed_render_hls\solution1\.autopilot\db\threed_render_hls.pp.0.cpp:21554:2: note: FIX-IT applied suggested code changes
E:\fpga\fpgacamp2023\threed_render\threed_render_hls\solution1\.autopilot\db\threed_render_hls.pp.0.cpp:21565:2: warning: Added loop label VITIS_LOOP_119_1:   [xilinx-label-all-loops]
 for (int i=0; i<I_;i++)
 ^~~
 VITIS_LOOP_119_1: 
E:\fpga\fpgacamp2023\threed_render\threed_render_hls\solution1\.autopilot\db\threed_render_hls.pp.0.cpp:21565:2: note: FIX-IT applied suggested code changes
E:\fpga\fpgacamp2023\threed_render\threed_render_hls\solution1\.autopilot\db\threed_render_hls.pp.0.cpp:23866:12: warning: Added loop label VITIS_LOOP_23_1:   [xilinx-label-all-loops]
           for(int i = 0; i < W_-1; ++i) {
           ^~~
           VITIS_LOOP_23_1: 
E:\fpga\fpgacamp2023\threed_render\threed_render_hls\solution1\.autopilot\db\threed_render_hls.pp.0.cpp:23866:12: note: FIX-IT applied suggested code changes
E:\fpga\fpgacamp2023\threed_render\threed_render_hls\solution1\.autopilot\db\threed_render_hls.pp.0.cpp:23930:7: warning: Added loop label VITIS_LOOP_66_1:   [xilinx-label-all-loops]
      for(int pos = msbr - 1 ; pos >= -F-1; pos--) {
      ^~~
      VITIS_LOOP_66_1: 
E:\fpga\fpgacamp2023\threed_render\threed_render_hls\solution1\.autopilot\db\threed_render_hls.pp.0.cpp:23930:7: note: FIX-IT applied suggested code changes
E:\fpga\fpgacamp2023\threed_render\threed_render_hls\solution1\.autopilot\db\threed_render_hls.pp.0.cpp:24047:9: warning: Added loop label VITIS_LOOP_75_1:   [xilinx-label-all-loops]
        for(int pos = msbr - 1; pos >= 0; pos--) {
        ^~~
        VITIS_LOOP_75_1: 
E:\fpga\fpgacamp2023\threed_render\threed_render_hls\solution1\.autopilot\db\threed_render_hls.pp.0.cpp:24047:9: note: FIX-IT applied suggested code changes
E:\fpga\fpgacamp2023\threed_render\threed_render_hls\solution1\.autopilot\db\threed_render_hls.pp.0.cpp:24072:5: warning: Added loop label VITIS_LOOP_107_2:   [xilinx-label-all-loops]
    for(int pos = -1; pos >= -F-1; pos--) {
    ^~~
    VITIS_LOOP_107_2: 
E:\fpga\fpgacamp2023\threed_render\threed_render_hls\solution1\.autopilot\db\threed_render_hls.pp.0.cpp:24072:5: note: FIX-IT applied suggested code changes
E:\fpga\fpgacamp2023\threed_render\threed_render_hls\solution1\.autopilot\db\threed_render_hls.pp.0.cpp:24142:8: warning: Added loop label VITIS_LOOP_195_3:   [xilinx-label-all-loops]
       for(int i = 0; i < W - 1; ++i) {
       ^~~
       VITIS_LOOP_195_3: 
E:\fpga\fpgacamp2023\threed_render\threed_render_hls\solution1\.autopilot\db\threed_render_hls.pp.0.cpp:24142:8: note: FIX-IT applied suggested code changes
