#-----------------------------------------------------------
# Vivado v2022.2.2 (64-bit)
# SW Build 3788238 on Tue Feb 21 20:00:34 MST 2023
# IP Build 3783773 on Tue Feb 21 23:41:56 MST 2023
# Start of session at: Tue Jul 18 19:07:37 2023
# Process ID: 48472
# Current directory: E:/fpga/fpgacamp2023/threed_render/threed_render_hls/solution1/impl/ip
# Command line: vivado.exe -notrace -mode batch -source run_ippack.tcl
# Log file: E:/fpga/fpgacamp2023/threed_render/threed_render_hls/solution1/impl/ip/vivado.log
# Journal file: E:/fpga/fpgacamp2023/threed_render/threed_render_hls/solution1/impl/ip\vivado.jou
# Running On: LAPTOP-KMQA6IKR, OS: Windows, CPU Frequency: 2688 MHz, CPU Physical cores: 6, Host memory: 16800 MB
#-----------------------------------------------------------
source run_ippack.tcl -notrace
create_project: Time (s): cpu = 00:00:07 ; elapsed = 00:00:10 . Memory (MB): peak = 1536.844 ; gain = 119.910
INFO: [IP_Flow 19-234] Refreshing IP repositories
INFO: [IP_Flow 19-1704] No user IP repositories specified
INFO: [IP_Flow 19-2313] Loaded Vivado IP repository 'E:/User/app/Xilinx/Vivado/2022.2/data/ip'.
WARNING: [IP_Flow 19-4832] The IP name 'threed_render_hls_fdiv_32ns_32ns_32_16_no_dsp_1_ip' you have specified is long. The Windows operating system has path length limitations. It is recommended you use shorter names to reduce the likelihood of issues.
INFO: [IP_Flow 19-1686] Generating 'Synthesis' target for IP 'threed_render_hls_fdiv_32ns_32ns_32_16_no_dsp_1_ip'...
INFO: [IP_Flow 19-1686] Generating 'Simulation' target for IP 'threed_render_hls_fdiv_32ns_32ns_32_16_no_dsp_1_ip'...
WARNING: [IP_Flow 19-4832] The IP name 'threed_render_hls_fmul_32ns_32ns_32_4_max_dsp_1_ip' you have specified is long. The Windows operating system has path length limitations. It is recommended you use shorter names to reduce the likelihood of issues.
INFO: [IP_Flow 19-1686] Generating 'Synthesis' target for IP 'threed_render_hls_fmul_32ns_32ns_32_4_max_dsp_1_ip'...
INFO: [IP_Flow 19-1686] Generating 'Simulation' target for IP 'threed_render_hls_fmul_32ns_32ns_32_4_max_dsp_1_ip'...
WARNING: [IP_Flow 19-4832] The IP name 'threed_render_hls_fpext_32ns_64_2_no_dsp_1_ip' you have specified is long. The Windows operating system has path length limitations. It is recommended you use shorter names to reduce the likelihood of issues.
INFO: [IP_Flow 19-1686] Generating 'Synthesis' target for IP 'threed_render_hls_fpext_32ns_64_2_no_dsp_1_ip'...
INFO: [IP_Flow 19-1686] Generating 'Simulation' target for IP 'threed_render_hls_fpext_32ns_64_2_no_dsp_1_ip'...
WARNING: [IP_Flow 19-4832] The IP name 'threed_render_hls_fsqrt_32ns_32ns_32_16_no_dsp_1_ip' you have specified is long. The Windows operating system has path length limitations. It is recommended you use shorter names to reduce the likelihood of issues.
INFO: [IP_Flow 19-1686] Generating 'Synthesis' target for IP 'threed_render_hls_fsqrt_32ns_32ns_32_16_no_dsp_1_ip'...
INFO: [IP_Flow 19-1686] Generating 'Simulation' target for IP 'threed_render_hls_fsqrt_32ns_32ns_32_16_no_dsp_1_ip'...
INFO: [IP_Flow 19-234] Refreshing IP repositories
INFO: [IP_Flow 19-1704] No user IP repositories specified
INFO: [IP_Flow 19-2313] Loaded Vivado IP repository 'E:/User/app/Xilinx/Vivado/2022.2/data/ip'.
INFO: [Common 17-206] Exiting Vivado at Tue Jul 18 19:08:21 2023...
